{"/home/travis/build/npmtest/node-npmtest-elliptic/test.js":{"path":"/home/travis/build/npmtest/node-npmtest-elliptic/test.js","s":{"1":2,"2":2,"3":2,"4":2,"5":2,"6":2,"7":2,"8":1,"9":2,"10":2,"11":1,"12":1,"13":1,"14":1,"15":2,"16":2,"17":2,"18":2,"19":1,"20":1,"21":2,"22":2,"23":2,"24":1,"25":1,"26":1,"27":1,"28":1,"29":1,"30":1,"31":1,"32":1,"33":1,"34":1,"35":1,"36":1,"37":1,"38":1,"39":2,"40":2,"41":1,"42":2,"43":2,"44":1,"45":2,"46":2,"47":1,"48":2,"49":2,"50":1,"51":1,"52":1,"53":1,"54":1},"b":{"1":[2,1,1,1],"2":[1,1,1,1],"3":[1,1],"4":[1,1],"5":[1,1],"6":[1,1],"7":[1,1],"8":[1,1],"9":[1,1],"10":[1,1,1],"11":[1,1],"12":[1,1],"13":[1,1],"14":[1,1],"15":[1,1],"16":[1,1],"17":[1,1]},"f":{"1":2,"2":2,"3":2,"4":2,"5":2,"6":1,"7":1,"8":1,"9":2,"10":2,"11":2,"12":2,"13":1},"fnMap":{"1":{"name":"(anonymous_1)","line":12,"loc":{"start":{"line":12,"column":1},"end":{"line":12,"column":13}}},"2":{"name":"(anonymous_2)","line":19,"loc":{"start":{"line":19,"column":5},"end":{"line":19,"column":17}}},"3":{"name":"(anonymous_3)","line":23,"loc":{"start":{"line":23,"column":24},"end":{"line":23,"column":36}}},"4":{"name":"(anonymous_4)","line":61,"loc":{"start":{"line":61,"column":5},"end":{"line":61,"column":17}}},"5":{"name":"(anonymous_5)","line":82,"loc":{"start":{"line":82,"column":5},"end":{"line":82,"column":17}}},"6":{"name":"(anonymous_6)","line":91,"loc":{"start":{"line":91,"column":77},"end":{"line":94,"column":10}}},"7":{"name":"(anonymous_7)","line":112,"loc":{"start":{"line":112,"column":83},"end":{"line":115,"column":10}},"skip":true},"8":{"name":"(anonymous_8)","line":123,"loc":{"start":{"line":123,"column":77},"end":{"line":126,"column":10}},"skip":true},"9":{"name":"(anonymous_9)","line":139,"loc":{"start":{"line":139,"column":12},"end":{"line":139,"column":40}},"skip":true},"10":{"name":"(anonymous_10)","line":147,"loc":{"start":{"line":147,"column":77},"end":{"line":150,"column":10}},"skip":true},"11":{"name":"(anonymous_11)","line":158,"loc":{"start":{"line":158,"column":83},"end":{"line":161,"column":10}},"skip":true},"12":{"name":"(anonymous_12)","line":169,"loc":{"start":{"line":169,"column":79},"end":{"line":172,"column":10}},"skip":true},"13":{"name":"(anonymous_13)","line":180,"loc":{"start":{"line":180,"column":75},"end":{"line":183,"column":10}},"skip":true}},"statementMap":{"1":{"start":{"line":12,"column":0},"end":{"line":195,"column":5}},"2":{"start":{"line":14,"column":4},"end":{"line":14,"column":14}},"3":{"start":{"line":19,"column":4},"end":{"line":56,"column":9}},"4":{"start":{"line":21,"column":8},"end":{"line":21,"column":19}},"5":{"start":{"line":23,"column":8},"end":{"line":35,"column":13}},"6":{"start":{"line":24,"column":12},"end":{"line":34,"column":13}},"7":{"start":{"line":25,"column":16},"end":{"line":28,"column":30}},"8":{"start":{"line":30,"column":16},"end":{"line":33,"column":27}},"9":{"start":{"line":37,"column":8},"end":{"line":39,"column":21}},"10":{"start":{"line":40,"column":8},"end":{"line":53,"column":9}},"11":{"start":{"line":43,"column":12},"end":{"line":46,"column":14}},"12":{"start":{"line":47,"column":12},"end":{"line":47,"column":18}},"13":{"start":{"line":50,"column":12},"end":{"line":51,"column":33}},"14":{"start":{"line":52,"column":12},"end":{"line":52,"column":18}},"15":{"start":{"line":55,"column":8},"end":{"line":55,"column":35}},"16":{"start":{"line":61,"column":4},"end":{"line":63,"column":9}},"17":{"start":{"line":62,"column":8},"end":{"line":62,"column":15}},"18":{"start":{"line":64,"column":4},"end":{"line":77,"column":5}},"19":{"start":{"line":70,"column":8},"end":{"line":70,"column":14}},"20":{"start":{"line":76,"column":8},"end":{"line":76,"column":14}},"21":{"start":{"line":82,"column":4},"end":{"line":84,"column":9}},"22":{"start":{"line":83,"column":8},"end":{"line":83,"column":15}},"23":{"start":{"line":85,"column":4},"end":{"line":194,"column":5}},"24":{"start":{"line":91,"column":8},"end":{"line":99,"column":10}},"25":{"start":{"line":98,"column":12},"end":{"line":98,"column":35}},"26":{"start":{"line":102,"column":8},"end":{"line":104,"column":63}},"27":{"start":{"line":105,"column":8},"end":{"line":105,"column":14}},"28":{"start":{"line":112,"column":8},"end":{"line":121,"column":10},"skip":true},"29":{"start":{"line":119,"column":12},"end":{"line":119,"column":55},"skip":true},"30":{"start":{"line":120,"column":12},"end":{"line":120,"column":48},"skip":true},"31":{"start":{"line":123,"column":8},"end":{"line":136,"column":10},"skip":true},"32":{"start":{"line":130,"column":12},"end":{"line":130,"column":76},"skip":true},"33":{"start":{"line":131,"column":12},"end":{"line":131,"column":73},"skip":true},"34":{"start":{"line":132,"column":12},"end":{"line":132,"column":74},"skip":true},"35":{"start":{"line":133,"column":12},"end":{"line":133,"column":79},"skip":true},"36":{"start":{"line":134,"column":12},"end":{"line":134,"column":25},"skip":true},"37":{"start":{"line":135,"column":12},"end":{"line":135,"column":45},"skip":true},"38":{"start":{"line":138,"column":8},"end":{"line":145,"column":14},"skip":true},"39":{"start":{"line":143,"column":16},"end":{"line":143,"column":29},"skip":true},"40":{"start":{"line":144,"column":16},"end":{"line":144,"column":55},"skip":true},"41":{"start":{"line":147,"column":8},"end":{"line":156,"column":10},"skip":true},"42":{"start":{"line":154,"column":12},"end":{"line":154,"column":25},"skip":true},"43":{"start":{"line":155,"column":12},"end":{"line":155,"column":45},"skip":true},"44":{"start":{"line":158,"column":8},"end":{"line":167,"column":10},"skip":true},"45":{"start":{"line":165,"column":12},"end":{"line":165,"column":25},"skip":true},"46":{"start":{"line":166,"column":12},"end":{"line":166,"column":48},"skip":true},"47":{"start":{"line":169,"column":8},"end":{"line":178,"column":10},"skip":true},"48":{"start":{"line":176,"column":12},"end":{"line":176,"column":25},"skip":true},"49":{"start":{"line":177,"column":12},"end":{"line":177,"column":46},"skip":true},"50":{"start":{"line":180,"column":8},"end":{"line":189,"column":10},"skip":true},"51":{"start":{"line":187,"column":12},"end":{"line":187,"column":94},"skip":true},"52":{"start":{"line":188,"column":12},"end":{"line":188,"column":48},"skip":true},"53":{"start":{"line":192,"column":8},"end":{"line":192,"column":35},"skip":true},"54":{"start":{"line":193,"column":8},"end":{"line":193,"column":14},"skip":true}},"branchMap":{"1":{"line":25,"type":"binary-expr","locations":[{"start":{"line":25,"column":23},"end":{"line":25,"column":62}},{"start":{"line":26,"column":20},"end":{"line":26,"column":70}},{"start":{"line":27,"column":20},"end":{"line":27,"column":71}},{"start":{"line":28,"column":20},"end":{"line":28,"column":29}}]},"2":{"line":30,"type":"binary-expr","locations":[{"start":{"line":30,"column":23},"end":{"line":30,"column":37}},{"start":{"line":31,"column":20},"end":{"line":31,"column":61}},{"start":{"line":32,"column":20},"end":{"line":32,"column":70}},{"start":{"line":33,"column":20},"end":{"line":33,"column":26}}]},"3":{"line":37,"type":"cond-expr","locations":[{"start":{"line":38,"column":14},"end":{"line":38,"column":20}},{"start":{"line":39,"column":14},"end":{"line":39,"column":20}}]},"4":{"line":40,"type":"switch","locations":[{"start":{"line":42,"column":8},"end":{"line":47,"column":18}},{"start":{"line":49,"column":8},"end":{"line":52,"column":18}}]},"5":{"line":44,"type":"binary-expr","locations":[{"start":{"line":44,"column":16},"end":{"line":44,"column":44}},{"start":{"line":44,"column":48},"end":{"line":44,"column":66}}]},"6":{"line":50,"type":"binary-expr","locations":[{"start":{"line":50,"column":21},"end":{"line":50,"column":49}},{"start":{"line":50,"column":53},"end":{"line":50,"column":72}}]},"7":{"line":64,"type":"switch","locations":[{"start":{"line":69,"column":4},"end":{"line":70,"column":14}},{"start":{"line":75,"column":4},"end":{"line":76,"column":14}}]},"8":{"line":85,"type":"switch","locations":[{"start":{"line":90,"column":4},"end":{"line":105,"column":14}},{"start":{"line":111,"column":4},"end":{"line":193,"column":14},"skip":true}]},"9":{"line":91,"type":"binary-expr","locations":[{"start":{"line":91,"column":42},"end":{"line":91,"column":73}},{"start":{"line":91,"column":77},"end":{"line":99,"column":9}}]},"10":{"line":102,"type":"binary-expr","locations":[{"start":{"line":102,"column":18},"end":{"line":102,"column":32}},{"start":{"line":103,"column":12},"end":{"line":103,"column":53}},{"start":{"line":104,"column":12},"end":{"line":104,"column":61}}]},"11":{"line":112,"type":"binary-expr","locations":[{"start":{"line":112,"column":45},"end":{"line":112,"column":79},"skip":true},{"start":{"line":112,"column":83},"end":{"line":121,"column":9},"skip":true}]},"12":{"line":123,"type":"binary-expr","locations":[{"start":{"line":123,"column":42},"end":{"line":123,"column":73},"skip":true},{"start":{"line":123,"column":77},"end":{"line":136,"column":9},"skip":true}]},"13":{"line":138,"type":"binary-expr","locations":[{"start":{"line":138,"column":48},"end":{"line":138,"column":85},"skip":true},{"start":{"line":139,"column":12},"end":{"line":145,"column":13},"skip":true}]},"14":{"line":147,"type":"binary-expr","locations":[{"start":{"line":147,"column":42},"end":{"line":147,"column":73},"skip":true},{"start":{"line":147,"column":77},"end":{"line":156,"column":9},"skip":true}]},"15":{"line":158,"type":"binary-expr","locations":[{"start":{"line":158,"column":45},"end":{"line":158,"column":79},"skip":true},{"start":{"line":158,"column":83},"end":{"line":167,"column":9},"skip":true}]},"16":{"line":169,"type":"binary-expr","locations":[{"start":{"line":169,"column":43},"end":{"line":169,"column":75},"skip":true},{"start":{"line":169,"column":79},"end":{"line":178,"column":9},"skip":true}]},"17":{"line":180,"type":"binary-expr","locations":[{"start":{"line":180,"column":41},"end":{"line":180,"column":71},"skip":true},{"start":{"line":180,"column":75},"end":{"line":189,"column":9},"skip":true}]}},"code":["/* istanbul instrument in package npmtest_elliptic */","/*jslint","    bitwise: true,","    browser: true,","    maxerr: 8,","    maxlen: 96,","    node: true,","    nomen: true,","    regexp: true,","    stupid: true","*/","(function () {","    'use strict';","    var local;","","","","    // run shared js-env code - init-before","    (function () {","        // init local","        local = {};","        // init modeJs","        local.modeJs = (function () {","            try {","                return typeof navigator.userAgent === 'string' &&","                    typeof document.querySelector('body') === 'object' &&","                    typeof XMLHttpRequest.prototype.open === 'function' &&","                    'browser';","            } catch (errorCaughtBrowser) {","                return module.exports &&","                    typeof process.versions.node === 'string' &&","                    typeof require('http').createServer === 'function' &&","                    'node';","            }","        }());","        // init global","        local.global = local.modeJs === 'browser'","            ? window","            : global;","        switch (local.modeJs) {","        // re-init local from window.local","        case 'browser':","            local = local.global.utility2.objectSetDefault(","                local.global.utility2_rollup || local.global.local,","                local.global.utility2","            );","            break;","        // re-init local from example.js","        case 'node':","            local = (local.global.utility2_rollup || require('utility2'))","                .requireReadme();","            break;","        }","        // export local","        local.global.local = local;","    }());","","","","    // run shared js-env code - function","    (function () {","        return;","    }());","    switch (local.modeJs) {","","","","    // run browser js-env code - function","    case 'browser':","        break;","","","","    // run node js-env code - function","    case 'node':","        break;","    }","","","","    // run shared js-env code - init-after","    (function () {","        return;","    }());","    switch (local.modeJs) {","","","","    // run browser js-env code - init-after","    case 'browser':","        local.testCase_browser_nullCase = local.testCase_browser_nullCase || function (","            options,","            onError","        ) {","        /*","         * this function will test browsers's null-case handling-behavior-behavior","         */","            onError(null, options);","        };","","        // run tests","        local.nop(local.modeTest &&","            document.querySelector('#testRunButton1') &&","            document.querySelector('#testRunButton1').click());","        break;","","","","    // run node js-env code - init-after","    /* istanbul ignore next */","    case 'node':","        local.testCase_buildApidoc_default = local.testCase_buildApidoc_default || function (","            options,","            onError","        ) {","        /*","         * this function will test buildApidoc's default handling-behavior-behavior","         */","            options = { modulePathList: module.paths };","            local.buildApidoc(options, onError);","        };","","        local.testCase_buildApp_default = local.testCase_buildApp_default || function (","            options,","            onError","        ) {","        /*","         * this function will test buildApp's default handling-behavior-behavior","         */","            local.testCase_buildReadme_default(options, local.onErrorThrow);","            local.testCase_buildLib_default(options, local.onErrorThrow);","            local.testCase_buildTest_default(options, local.onErrorThrow);","            local.testCase_buildCustomOrg_default(options, local.onErrorThrow);","            options = [];","            local.buildApp(options, onError);","        };","","        local.testCase_buildCustomOrg_default = local.testCase_buildCustomOrg_default ||","            function (options, onError) {","            /*","             * this function will test buildCustomOrg's default handling-behavior","             */","                options = {};","                local.buildCustomOrg(options, onError);","            };","","        local.testCase_buildLib_default = local.testCase_buildLib_default || function (","            options,","            onError","        ) {","        /*","         * this function will test buildLib's default handling-behavior","         */","            options = {};","            local.buildLib(options, onError);","        };","","        local.testCase_buildReadme_default = local.testCase_buildReadme_default || function (","            options,","            onError","        ) {","        /*","         * this function will test buildReadme's default handling-behavior-behavior","         */","            options = {};","            local.buildReadme(options, onError);","        };","","        local.testCase_buildTest_default = local.testCase_buildTest_default || function (","            options,","            onError","        ) {","        /*","         * this function will test buildTest's default handling-behavior","         */","            options = {};","            local.buildTest(options, onError);","        };","","        local.testCase_webpage_default = local.testCase_webpage_default || function (","            options,","            onError","        ) {","        /*","         * this function will test webpage's default handling-behavior","         */","            options = { modeCoverageMerge: true, url: local.serverLocalHost + '?modeTest=1' };","            local.browserTest(options, onError);","        };","","        // run test-server","        local.testRunServer(local);","        break;","    }","}());",""],"l":{"12":2,"14":2,"19":2,"21":2,"23":2,"24":2,"25":2,"30":1,"37":2,"40":2,"43":1,"47":1,"50":1,"52":1,"55":2,"61":2,"62":2,"64":2,"70":1,"76":1,"82":2,"83":2,"85":2,"91":1,"98":1,"102":1,"105":1,"112":1,"119":1,"120":1,"123":1,"130":1,"131":1,"132":1,"133":1,"134":1,"135":1,"138":1,"143":2,"144":2,"147":1,"154":2,"155":2,"158":1,"165":2,"166":2,"169":1,"176":2,"177":2,"180":1,"187":1,"188":1,"192":1,"193":1}},"/home/travis/build/npmtest/node-npmtest-elliptic/lib.npmtest_elliptic.js":{"path":"/home/travis/build/npmtest/node-npmtest-elliptic/lib.npmtest_elliptic.js","s":{"1":2,"2":2,"3":2,"4":2,"5":2,"6":2,"7":2,"8":1,"9":2,"10":2,"11":2,"12":2,"13":1,"14":1,"15":1,"16":1},"b":{"1":[2,1,1,1],"2":[1,1,1,1],"3":[1,1],"4":[2,2],"5":[1,1]},"f":{"1":2,"2":2,"3":2},"fnMap":{"1":{"name":"(anonymous_1)","line":12,"loc":{"start":{"line":12,"column":1},"end":{"line":12,"column":13}}},"2":{"name":"(anonymous_2)","line":19,"loc":{"start":{"line":19,"column":5},"end":{"line":19,"column":17}}},"3":{"name":"(anonymous_3)","line":23,"loc":{"start":{"line":23,"column":24},"end":{"line":23,"column":36}}}},"statementMap":{"1":{"start":{"line":12,"column":0},"end":{"line":53,"column":5}},"2":{"start":{"line":14,"column":4},"end":{"line":14,"column":14}},"3":{"start":{"line":19,"column":4},"end":{"line":52,"column":9}},"4":{"start":{"line":21,"column":8},"end":{"line":21,"column":19}},"5":{"start":{"line":23,"column":8},"end":{"line":35,"column":13}},"6":{"start":{"line":24,"column":12},"end":{"line":34,"column":13}},"7":{"start":{"line":25,"column":16},"end":{"line":28,"column":30}},"8":{"start":{"line":30,"column":16},"end":{"line":33,"column":27}},"9":{"start":{"line":37,"column":8},"end":{"line":39,"column":21}},"10":{"start":{"line":41,"column":8},"end":{"line":41,"column":54}},"11":{"start":{"line":43,"column":8},"end":{"line":43,"column":53}},"12":{"start":{"line":45,"column":8},"end":{"line":51,"column":9}},"13":{"start":{"line":46,"column":12},"end":{"line":46,"column":59}},"14":{"start":{"line":48,"column":12},"end":{"line":48,"column":35}},"15":{"start":{"line":49,"column":12},"end":{"line":49,"column":49}},"16":{"start":{"line":50,"column":12},"end":{"line":50,"column":43}}},"branchMap":{"1":{"line":25,"type":"binary-expr","locations":[{"start":{"line":25,"column":23},"end":{"line":25,"column":62}},{"start":{"line":26,"column":20},"end":{"line":26,"column":70}},{"start":{"line":27,"column":20},"end":{"line":27,"column":71}},{"start":{"line":28,"column":20},"end":{"line":28,"column":29}}]},"2":{"line":30,"type":"binary-expr","locations":[{"start":{"line":30,"column":23},"end":{"line":30,"column":37}},{"start":{"line":31,"column":20},"end":{"line":31,"column":61}},{"start":{"line":32,"column":20},"end":{"line":32,"column":70}},{"start":{"line":33,"column":20},"end":{"line":33,"column":26}}]},"3":{"line":37,"type":"cond-expr","locations":[{"start":{"line":38,"column":14},"end":{"line":38,"column":20}},{"start":{"line":39,"column":14},"end":{"line":39,"column":20}}]},"4":{"line":41,"type":"binary-expr","locations":[{"start":{"line":41,"column":16},"end":{"line":41,"column":44}},{"start":{"line":41,"column":48},"end":{"line":41,"column":53}}]},"5":{"line":45,"type":"if","locations":[{"start":{"line":45,"column":8},"end":{"line":45,"column":8}},{"start":{"line":45,"column":8},"end":{"line":45,"column":8}}]}},"code":["/* istanbul instrument in package npmtest_elliptic */","/*jslint","    bitwise: true,","    browser: true,","    maxerr: 8,","    maxlen: 96,","    node: true,","    nomen: true,","    regexp: true,","    stupid: true","*/","(function () {","    'use strict';","    var local;","","","","    // run shared js-env code - init-before","    (function () {","        // init local","        local = {};","        // init modeJs","        local.modeJs = (function () {","            try {","                return typeof navigator.userAgent === 'string' &&","                    typeof document.querySelector('body') === 'object' &&","                    typeof XMLHttpRequest.prototype.open === 'function' &&","                    'browser';","            } catch (errorCaughtBrowser) {","                return module.exports &&","                    typeof process.versions.node === 'string' &&","                    typeof require('http').createServer === 'function' &&","                    'node';","            }","        }());","        // init global","        local.global = local.modeJs === 'browser'","            ? window","            : global;","        // init utility2_rollup","        local = local.global.utility2_rollup || local;","        // init lib","        local.local = local.npmtest_elliptic = local;","        // init exports","        if (local.modeJs === 'browser') {","            local.global.utility2_npmtest_elliptic = local;","        } else {","            module.exports = local;","            module.exports.__dirname = __dirname;","            module.exports.module = module;","        }","    }());","}());",""],"l":{"12":2,"14":2,"19":2,"21":2,"23":2,"24":2,"25":2,"30":1,"37":2,"41":2,"43":2,"45":2,"46":1,"48":1,"49":1,"50":1}},"/home/travis/build/npmtest/node-npmtest-elliptic/example.js":{"path":"/home/travis/build/npmtest/node-npmtest-elliptic/example.js","s":{"1":2,"2":2,"3":2,"4":2,"5":2,"6":2,"7":2,"8":1,"9":2,"10":2,"11":2,"12":2,"13":1,"14":2,"15":2,"16":2,"17":2,"18":2,"19":0,"20":2,"21":1,"22":1,"23":1,"24":1,"25":1,"26":0,"27":0,"28":1,"29":1,"30":2,"31":0,"32":0,"33":0,"34":1,"35":2,"36":2,"37":3,"38":3,"39":3,"40":3,"41":0,"42":3,"43":3,"44":3,"45":1,"46":3,"47":1,"48":1,"49":1,"50":1,"51":1,"52":1,"53":1,"54":1,"55":1,"56":1,"57":0,"58":1,"59":6,"60":6,"61":1,"62":2,"63":0,"64":2,"65":1,"66":1,"67":0,"68":0,"69":0,"70":0,"71":0,"72":0,"73":0,"74":0,"75":0,"76":0,"77":0,"78":0,"79":0,"80":0,"81":0,"82":0,"83":0},"b":{"1":[2,1,1,1],"2":[1,1,1,1],"3":[1,1],"4":[2,2],"5":[1,1],"6":[1,1],"7":[2,0],"8":[2,1,1,1,1,1],"9":[0,2,0],"10":[1,1],"11":[2,1,1],"12":[1,0],"13":[0,2],"14":[2,0,0,0,0,0,0],"15":[0,3],"16":[3,0],"17":[1,1],"18":[0,1],"19":[1,2,0,2],"20":[1,0],"21":[1,1],"22":[0,0],"23":[0,0],"24":[0,0],"25":[0,0],"26":[0,0],"27":[0,0],"28":[0,0]},"f":{"1":2,"2":2,"3":2,"4":2,"5":2,"6":2,"7":3,"8":3,"9":3,"10":1,"11":6,"12":0},"fnMap":{"1":{"name":"(anonymous_1)","line":26,"loc":{"start":{"line":26,"column":1},"end":{"line":26,"column":13}}},"2":{"name":"(anonymous_2)","line":33,"loc":{"start":{"line":33,"column":5},"end":{"line":33,"column":17}}},"3":{"name":"(anonymous_3)","line":37,"loc":{"start":{"line":37,"column":24},"end":{"line":37,"column":36}}},"4":{"name":"(anonymous_4)","line":69,"loc":{"start":{"line":69,"column":31},"end":{"line":69,"column":48}},"skip":true},"5":{"name":"(anonymous_5)","line":78,"loc":{"start":{"line":78,"column":26},"end":{"line":78,"column":45}},"skip":true},"6":{"name":"(anonymous_6)","line":123,"loc":{"start":{"line":123,"column":33},"end":{"line":123,"column":48}},"skip":true},"7":{"name":"(anonymous_7)","line":125,"loc":{"start":{"line":125,"column":27},"end":{"line":125,"column":39}},"skip":true},"8":{"name":"(anonymous_8)","line":133,"loc":{"start":{"line":133,"column":59},"end":{"line":133,"column":74}},"skip":true},"9":{"name":"(anonymous_9)","line":143,"loc":{"start":{"line":143,"column":45},"end":{"line":143,"column":62}},"skip":true},"10":{"name":"(anonymous_10)","line":144,"loc":{"start":{"line":144,"column":73},"end":{"line":144,"column":92}},"skip":true},"11":{"name":"(anonymous_11)","line":272,"loc":{"start":{"line":272,"column":51},"end":{"line":272,"column":77}},"skip":true},"12":{"name":"(anonymous_12)","line":315,"loc":{"start":{"line":315,"column":32},"end":{"line":315,"column":61}},"skip":true}},"statementMap":{"1":{"start":{"line":26,"column":0},"end":{"line":326,"column":5}},"2":{"start":{"line":28,"column":4},"end":{"line":28,"column":14}},"3":{"start":{"line":33,"column":4},"end":{"line":60,"column":9}},"4":{"start":{"line":35,"column":8},"end":{"line":35,"column":19}},"5":{"start":{"line":37,"column":8},"end":{"line":49,"column":13}},"6":{"start":{"line":38,"column":12},"end":{"line":48,"column":13}},"7":{"start":{"line":39,"column":16},"end":{"line":42,"column":30}},"8":{"start":{"line":44,"column":16},"end":{"line":47,"column":27}},"9":{"start":{"line":51,"column":8},"end":{"line":53,"column":21}},"10":{"start":{"line":55,"column":8},"end":{"line":57,"column":45}},"11":{"start":{"line":59,"column":8},"end":{"line":59,"column":35}},"12":{"start":{"line":61,"column":4},"end":{"line":325,"column":5}},"13":{"start":{"line":69,"column":8},"end":{"line":121,"column":10},"skip":true},"14":{"start":{"line":70,"column":12},"end":{"line":88,"column":13},"skip":true},"15":{"start":{"line":76,"column":16},"end":{"line":87,"column":19},"skip":true},"16":{"start":{"line":79,"column":20},"end":{"line":86,"column":21},"skip":true},"17":{"start":{"line":82,"column":24},"end":{"line":82,"column":43},"skip":true},"18":{"start":{"line":83,"column":24},"end":{"line":83,"column":30},"skip":true},"19":{"start":{"line":85,"column":24},"end":{"line":85,"column":49},"skip":true},"20":{"start":{"line":89,"column":12},"end":{"line":107,"column":13},"skip":true},"21":{"start":{"line":92,"column":16},"end":{"line":102,"column":17},"skip":true},"22":{"start":{"line":93,"column":20},"end":{"line":93,"column":86},"skip":true},"23":{"start":{"line":94,"column":20},"end":{"line":95,"column":45},"skip":true},"24":{"start":{"line":96,"column":20},"end":{"line":96,"column":42},"skip":true},"25":{"start":{"line":97,"column":20},"end":{"line":97,"column":48},"skip":true},"26":{"start":{"line":100,"column":20},"end":{"line":100,"column":85},"skip":true},"27":{"start":{"line":101,"column":20},"end":{"line":101,"column":96},"skip":true},"28":{"start":{"line":103,"column":16},"end":{"line":103,"column":22},"skip":true},"29":{"start":{"line":106,"column":16},"end":{"line":106,"column":22},"skip":true},"30":{"start":{"line":108,"column":12},"end":{"line":120,"column":13},"skip":true},"31":{"start":{"line":114,"column":16},"end":{"line":119,"column":17},"skip":true},"32":{"start":{"line":116,"column":20},"end":{"line":116,"column":78},"skip":true},"33":{"start":{"line":118,"column":20},"end":{"line":118,"column":47},"skip":true},"34":{"start":{"line":123,"column":8},"end":{"line":141,"column":11},"skip":true},"35":{"start":{"line":124,"column":12},"end":{"line":124,"column":54},"skip":true},"36":{"start":{"line":125,"column":12},"end":{"line":140,"column":14},"skip":true},"37":{"start":{"line":126,"column":16},"end":{"line":126,"column":28},"skip":true},"38":{"start":{"line":127,"column":16},"end":{"line":127,"column":69},"skip":true},"39":{"start":{"line":128,"column":16},"end":{"line":128,"column":75},"skip":true},"40":{"start":{"line":129,"column":16},"end":{"line":131,"column":17},"skip":true},"41":{"start":{"line":130,"column":20},"end":{"line":130,"column":27},"skip":true},"42":{"start":{"line":133,"column":16},"end":{"line":137,"column":36},"skip":true},"43":{"start":{"line":134,"column":20},"end":{"line":136,"column":55},"skip":true},"44":{"start":{"line":139,"column":16},"end":{"line":139,"column":57},"skip":true},"45":{"start":{"line":143,"column":8},"end":{"line":147,"column":11},"skip":true},"46":{"start":{"line":144,"column":12},"end":{"line":146,"column":15},"skip":true},"47":{"start":{"line":145,"column":16},"end":{"line":145,"column":70},"skip":true},"48":{"start":{"line":149,"column":8},"end":{"line":149,"column":31},"skip":true},"49":{"start":{"line":150,"column":8},"end":{"line":150,"column":14},"skip":true},"50":{"start":{"line":158,"column":8},"end":{"line":158,"column":31},"skip":true},"51":{"start":{"line":160,"column":8},"end":{"line":160,"column":33},"skip":true},"52":{"start":{"line":161,"column":8},"end":{"line":161,"column":37},"skip":true},"53":{"start":{"line":162,"column":8},"end":{"line":162,"column":35},"skip":true},"54":{"start":{"line":164,"column":8},"end":{"line":164,"column":50},"skip":true},"55":{"start":{"line":166,"column":8},"end":{"line":256,"column":2},"skip":true},"56":{"start":{"line":258,"column":8},"end":{"line":286,"column":9},"skip":true},"57":{"start":{"line":259,"column":12},"end":{"line":269,"column":14},"skip":true},"58":{"start":{"line":271,"column":12},"end":{"line":285,"column":19},"skip":true},"59":{"start":{"line":274,"column":20},"end":{"line":274,"column":35},"skip":true},"60":{"start":{"line":275,"column":20},"end":{"line":284,"column":21},"skip":true},"61":{"start":{"line":277,"column":24},"end":{"line":277,"column":64},"skip":true},"62":{"start":{"line":279,"column":24},"end":{"line":279,"column":40},"skip":true},"63":{"start":{"line":281,"column":24},"end":{"line":281,"column":40},"skip":true},"64":{"start":{"line":283,"column":24},"end":{"line":283,"column":39},"skip":true},"65":{"start":{"line":288,"column":8},"end":{"line":290,"column":9},"skip":true},"66":{"start":{"line":289,"column":12},"end":{"line":289,"column":18},"skip":true},"67":{"start":{"line":291,"column":8},"end":{"line":293,"column":54},"skip":true},"68":{"start":{"line":296,"column":8},"end":{"line":301,"column":37},"skip":true},"69":{"start":{"line":303,"column":8},"end":{"line":303,"column":82},"skip":true},"70":{"start":{"line":306,"column":8},"end":{"line":308,"column":9},"skip":true},"71":{"start":{"line":307,"column":12},"end":{"line":307,"column":82},"skip":true},"72":{"start":{"line":310,"column":8},"end":{"line":312,"column":9},"skip":true},"73":{"start":{"line":311,"column":12},"end":{"line":311,"column":18},"skip":true},"74":{"start":{"line":313,"column":8},"end":{"line":313,"column":54},"skip":true},"75":{"start":{"line":314,"column":8},"end":{"line":314,"column":69},"skip":true},"76":{"start":{"line":315,"column":8},"end":{"line":323,"column":36},"skip":true},"77":{"start":{"line":316,"column":12},"end":{"line":316,"column":61},"skip":true},"78":{"start":{"line":317,"column":12},"end":{"line":320,"column":13},"skip":true},"79":{"start":{"line":318,"column":16},"end":{"line":318,"column":75},"skip":true},"80":{"start":{"line":319,"column":16},"end":{"line":319,"column":23},"skip":true},"81":{"start":{"line":321,"column":12},"end":{"line":321,"column":38},"skip":true},"82":{"start":{"line":322,"column":12},"end":{"line":322,"column":27},"skip":true},"83":{"start":{"line":324,"column":8},"end":{"line":324,"column":14},"skip":true}},"branchMap":{"1":{"line":39,"type":"binary-expr","locations":[{"start":{"line":39,"column":23},"end":{"line":39,"column":62}},{"start":{"line":40,"column":20},"end":{"line":40,"column":70}},{"start":{"line":41,"column":20},"end":{"line":41,"column":71}},{"start":{"line":42,"column":20},"end":{"line":42,"column":29}}]},"2":{"line":44,"type":"binary-expr","locations":[{"start":{"line":44,"column":23},"end":{"line":44,"column":37}},{"start":{"line":45,"column":20},"end":{"line":45,"column":61}},{"start":{"line":46,"column":20},"end":{"line":46,"column":70}},{"start":{"line":47,"column":20},"end":{"line":47,"column":26}}]},"3":{"line":51,"type":"cond-expr","locations":[{"start":{"line":52,"column":14},"end":{"line":52,"column":20}},{"start":{"line":53,"column":14},"end":{"line":53,"column":20}}]},"4":{"line":55,"type":"binary-expr","locations":[{"start":{"line":55,"column":16},"end":{"line":55,"column":44}},{"start":{"line":55,"column":49},"end":{"line":57,"column":43}}]},"5":{"line":55,"type":"cond-expr","locations":[{"start":{"line":56,"column":14},"end":{"line":56,"column":52}},{"start":{"line":57,"column":14},"end":{"line":57,"column":43}}]},"6":{"line":61,"type":"switch","locations":[{"start":{"line":68,"column":4},"end":{"line":150,"column":14},"skip":true},{"start":{"line":156,"column":4},"end":{"line":324,"column":14},"skip":true}]},"7":{"line":70,"type":"if","locations":[{"start":{"line":70,"column":12},"end":{"line":70,"column":12},"skip":true},{"start":{"line":70,"column":12},"end":{"line":70,"column":12},"skip":true}]},"8":{"line":70,"type":"binary-expr","locations":[{"start":{"line":70,"column":16},"end":{"line":70,"column":22},"skip":true},{"start":{"line":70,"column":27},"end":{"line":70,"column":32},"skip":true},{"start":{"line":71,"column":20},"end":{"line":71,"column":39},"skip":true},{"start":{"line":72,"column":20},"end":{"line":72,"column":49},"skip":true},{"start":{"line":73,"column":20},"end":{"line":73,"column":58},"skip":true},{"start":{"line":74,"column":20},"end":{"line":74,"column":69},"skip":true}]},"9":{"line":79,"type":"switch","locations":[{"start":{"line":80,"column":20},"end":{"line":80,"column":33},"skip":true},{"start":{"line":81,"column":20},"end":{"line":83,"column":30},"skip":true},{"start":{"line":84,"column":20},"end":{"line":85,"column":49},"skip":true}]},"10":{"line":89,"type":"switch","locations":[{"start":{"line":90,"column":12},"end":{"line":103,"column":22},"skip":true},{"start":{"line":105,"column":12},"end":{"line":106,"column":22},"skip":true}]},"11":{"line":89,"type":"binary-expr","locations":[{"start":{"line":89,"column":20},"end":{"line":89,"column":25},"skip":true},{"start":{"line":89,"column":29},"end":{"line":89,"column":48},"skip":true},{"start":{"line":89,"column":52},"end":{"line":89,"column":74},"skip":true}]},"12":{"line":92,"type":"if","locations":[{"start":{"line":92,"column":16},"end":{"line":92,"column":16},"skip":true},{"start":{"line":92,"column":16},"end":{"line":92,"column":16},"skip":true}]},"13":{"line":108,"type":"if","locations":[{"start":{"line":108,"column":12},"end":{"line":108,"column":12},"skip":true},{"start":{"line":108,"column":12},"end":{"line":108,"column":12},"skip":true}]},"14":{"line":108,"type":"binary-expr","locations":[{"start":{"line":108,"column":16},"end":{"line":108,"column":61},"skip":true},{"start":{"line":108,"column":66},"end":{"line":108,"column":72},"skip":true},{"start":{"line":108,"column":77},"end":{"line":108,"column":82},"skip":true},{"start":{"line":109,"column":20},"end":{"line":109,"column":39},"skip":true},{"start":{"line":110,"column":20},"end":{"line":110,"column":49},"skip":true},{"start":{"line":111,"column":20},"end":{"line":111,"column":58},"skip":true},{"start":{"line":112,"column":20},"end":{"line":112,"column":68},"skip":true}]},"15":{"line":129,"type":"if","locations":[{"start":{"line":129,"column":16},"end":{"line":129,"column":16},"skip":true},{"start":{"line":129,"column":16},"end":{"line":129,"column":16},"skip":true}]},"16":{"line":134,"type":"cond-expr","locations":[{"start":{"line":135,"column":26},"end":{"line":135,"column":29},"skip":true},{"start":{"line":136,"column":26},"end":{"line":136,"column":54},"skip":true}]},"17":{"line":164,"type":"binary-expr","locations":[{"start":{"line":164,"column":27},"end":{"line":164,"column":43},"skip":true},{"start":{"line":164,"column":47},"end":{"line":164,"column":49},"skip":true}]},"18":{"line":258,"type":"if","locations":[{"start":{"line":258,"column":8},"end":{"line":258,"column":8},"skip":true},{"start":{"line":258,"column":8},"end":{"line":258,"column":8},"skip":true}]},"19":{"line":275,"type":"switch","locations":[{"start":{"line":276,"column":20},"end":{"line":277,"column":64},"skip":true},{"start":{"line":278,"column":20},"end":{"line":279,"column":40},"skip":true},{"start":{"line":280,"column":20},"end":{"line":281,"column":40},"skip":true},{"start":{"line":282,"column":20},"end":{"line":283,"column":39},"skip":true}]},"20":{"line":288,"type":"if","locations":[{"start":{"line":288,"column":8},"end":{"line":288,"column":8},"skip":true},{"start":{"line":288,"column":8},"end":{"line":288,"column":8},"skip":true}]},"21":{"line":288,"type":"binary-expr","locations":[{"start":{"line":288,"column":12},"end":{"line":288,"column":40},"skip":true},{"start":{"line":288,"column":44},"end":{"line":288,"column":67},"skip":true}]},"22":{"line":292,"type":"binary-expr","locations":[{"start":{"line":292,"column":12},"end":{"line":292,"column":50},"skip":true},{"start":{"line":293,"column":12},"end":{"line":293,"column":53},"skip":true}]},"23":{"line":297,"type":"binary-expr","locations":[{"start":{"line":297,"column":12},"end":{"line":297,"column":66},"skip":true},{"start":{"line":298,"column":12},"end":{"line":301,"column":36},"skip":true}]},"24":{"line":303,"type":"binary-expr","locations":[{"start":{"line":303,"column":43},"end":{"line":303,"column":75},"skip":true},{"start":{"line":303,"column":79},"end":{"line":303,"column":81},"skip":true}]},"25":{"line":306,"type":"if","locations":[{"start":{"line":306,"column":8},"end":{"line":306,"column":8},"skip":true},{"start":{"line":306,"column":8},"end":{"line":306,"column":8},"skip":true}]},"26":{"line":310,"type":"if","locations":[{"start":{"line":310,"column":8},"end":{"line":310,"column":8},"skip":true},{"start":{"line":310,"column":8},"end":{"line":310,"column":8},"skip":true}]},"27":{"line":313,"type":"binary-expr","locations":[{"start":{"line":313,"column":27},"end":{"line":313,"column":43},"skip":true},{"start":{"line":313,"column":47},"end":{"line":313,"column":53},"skip":true}]},"28":{"line":317,"type":"if","locations":[{"start":{"line":317,"column":12},"end":{"line":317,"column":12},"skip":true},{"start":{"line":317,"column":12},"end":{"line":317,"column":12},"skip":true}]}},"code":["/*","example.js","","quickstart example","","instruction","    1. save this script as example.js","    2. run the shell command:","        $ npm install npmtest-elliptic && PORT=8081 node example.js","    3. play with the browser-demo on http://127.0.0.1:8081","*/","","","","/* istanbul instrument in package npmtest_elliptic */","/*jslint","    bitwise: true,","    browser: true,","    maxerr: 8,","    maxlen: 96,","    node: true,","    nomen: true,","    regexp: true,","    stupid: true","*/","(function () {","    'use strict';","    var local;","","","","    // run shared js-env code - init-before","    (function () {","        // init local","        local = {};","        // init modeJs","        local.modeJs = (function () {","            try {","                return typeof navigator.userAgent === 'string' &&","                    typeof document.querySelector('body') === 'object' &&","                    typeof XMLHttpRequest.prototype.open === 'function' &&","                    'browser';","            } catch (errorCaughtBrowser) {","                return module.exports &&","                    typeof process.versions.node === 'string' &&","                    typeof require('http').createServer === 'function' &&","                    'node';","            }","        }());","        // init global","        local.global = local.modeJs === 'browser'","            ? window","            : global;","        // init utility2_rollup","        local = local.global.utility2_rollup || (local.modeJs === 'browser'","            ? local.global.utility2_npmtest_elliptic","            : global.utility2_moduleExports);","        // export local","        local.global.local = local;","    }());","    switch (local.modeJs) {","","","","    // init-after","    // run browser js-env code - init-after","    /* istanbul ignore next */","    case 'browser':","        local.testRunBrowser = function (event) {","            if (!event || (event &&","                    event.currentTarget &&","                    event.currentTarget.className &&","                    event.currentTarget.className.includes &&","                    event.currentTarget.className.includes('onreset'))) {","                // reset output","                Array.from(","                    document.querySelectorAll('body > .resettable')","                ).forEach(function (element) {","                    switch (element.tagName) {","                    case 'INPUT':","                    case 'TEXTAREA':","                        element.value = '';","                        break;","                    default:","                        element.textContent = '';","                    }","                });","            }","            switch (event && event.currentTarget && event.currentTarget.id) {","            case 'testRunButton1':","                // show tests","                if (document.querySelector('#testReportDiv1').style.display === 'none') {","                    document.querySelector('#testReportDiv1').style.display = 'block';","                    document.querySelector('#testRunButton1').textContent =","                        'hide internal test';","                    local.modeTest = true;","                    local.testRunDefault(local);","                // hide tests","                } else {","                    document.querySelector('#testReportDiv1').style.display = 'none';","                    document.querySelector('#testRunButton1').textContent = 'run internal test';","                }","                break;","            // custom-case","            default:","                break;","            }","            if (document.querySelector('#inputTextareaEval1') && (!event || (event &&","                    event.currentTarget &&","                    event.currentTarget.className &&","                    event.currentTarget.className.includes &&","                    event.currentTarget.className.includes('oneval')))) {","                // try to eval input-code","                try {","                    /*jslint evil: true*/","                    eval(document.querySelector('#inputTextareaEval1').value);","                } catch (errorCaught) {","                    console.error(errorCaught);","                }","            }","        };","        // log stderr and stdout to #outputTextareaStdout1","        ['error', 'log'].forEach(function (key) {","            console[key + '_original'] = console[key];","            console[key] = function () {","                var element;","                console[key + '_original'].apply(console, arguments);","                element = document.querySelector('#outputTextareaStdout1');","                if (!element) {","                    return;","                }","                // append text to #outputTextareaStdout1","                element.value += Array.from(arguments).map(function (arg) {","                    return typeof arg === 'string'","                        ? arg","                        : JSON.stringify(arg, null, 4);","                }).join(' ') + '\\n';","                // scroll textarea to bottom","                element.scrollTop = element.scrollHeight;","            };","        });","        // init event-handling","        ['change', 'click', 'keyup'].forEach(function (event) {","            Array.from(document.querySelectorAll('.on' + event)).forEach(function (element) {","                element.addEventListener(event, local.testRunBrowser);","            });","        });","        // run tests","        local.testRunBrowser();","        break;","","","","    // run node js-env code - init-after","    /* istanbul ignore next */","    case 'node':","        // export local","        module.exports = local;","        // require modules","        local.fs = require('fs');","        local.http = require('http');","        local.url = require('url');","        // init assets","        local.assetsDict = local.assetsDict || {};","        /* jslint-ignore-begin */","        local.assetsDict['/assets.index.template.html'] = '\\","<!doctype html>\\n\\","<html lang=\"en\">\\n\\","<head>\\n\\","<meta charset=\"UTF-8\">\\n\\","<meta name=\"viewport\" content=\"width=device-width, initial-scale=1\">\\n\\","<title>{{env.npm_package_name}} (v{{env.npm_package_version}})</title>\\n\\","<style>\\n\\","/*csslint\\n\\","    box-sizing: false,\\n\\","    universal-selector: false\\n\\","*/\\n\\","* {\\n\\","    box-sizing: border-box;\\n\\","}\\n\\","body {\\n\\","    background: #dde;\\n\\","    font-family: Arial, Helvetica, sans-serif;\\n\\","    margin: 2rem;\\n\\","}\\n\\","body > * {\\n\\","    margin-bottom: 1rem;\\n\\","}\\n\\",".utility2FooterDiv {\\n\\","    margin-top: 20px;\\n\\","    text-align: center;\\n\\","}\\n\\","</style>\\n\\","<style>\\n\\","/*csslint\\n\\","*/\\n\\","textarea {\\n\\","    font-family: monospace;\\n\\","    height: 10rem;\\n\\","    width: 100%;\\n\\","}\\n\\","textarea[readonly] {\\n\\","    background: #ddd;\\n\\","}\\n\\","</style>\\n\\","</head>\\n\\","<body>\\n\\","<!-- utility2-comment\\n\\","<div id=\"ajaxProgressDiv1\" style=\"background: #d00; height: 2px; left: 0; margin: 0; padding: 0; position: fixed; top: 0; transition: background 0.5s, width 1.5s; width: 25%;\"></div>\\n\\","utility2-comment -->\\n\\","<h1>\\n\\","<!-- utility2-comment\\n\\","    <a\\n\\","        {{#if env.npm_package_homepage}}\\n\\","        href=\"{{env.npm_package_homepage}}\"\\n\\","        {{/if env.npm_package_homepage}}\\n\\","        target=\"_blank\"\\n\\","    >\\n\\","utility2-comment -->\\n\\","        {{env.npm_package_name}} (v{{env.npm_package_version}})\\n\\","<!-- utility2-comment\\n\\","    </a>\\n\\","utility2-comment -->\\n\\","</h1>\\n\\","<h3>{{env.npm_package_description}}</h3>\\n\\","<!-- utility2-comment\\n\\","<h4><a download href=\"assets.app.js\">download standalone app</a></h4>\\n\\","<button class=\"onclick onreset\" id=\"testRunButton1\">run internal test</button><br>\\n\\","<div id=\"testReportDiv1\" style=\"display: none;\"></div>\\n\\","utility2-comment -->\\n\\","\\n\\","\\n\\","\\n\\","<label>stderr and stdout</label>\\n\\","<textarea class=\"resettable\" id=\"outputTextareaStdout1\" readonly></textarea>\\n\\","<!-- utility2-comment\\n\\","{{#if isRollup}}\\n\\","<script src=\"assets.app.js\"></script>\\n\\","{{#unless isRollup}}\\n\\","utility2-comment -->\\n\\","<script src=\"assets.utility2.rollup.js\"></script>\\n\\","<script src=\"jsonp.utility2._stateInit?callback=window.utility2._stateInit\"></script>\\n\\","<script src=\"assets.npmtest_elliptic.rollup.js\"></script>\\n\\","<script src=\"assets.example.js\"></script>\\n\\","<script src=\"assets.test.js\"></script>\\n\\","<!-- utility2-comment\\n\\","{{/if isRollup}}\\n\\","utility2-comment -->\\n\\","<div class=\"utility2FooterDiv\">\\n\\","    [ this app was created with\\n\\","    <a href=\"https://github.com/kaizhu256/node-utility2\" target=\"_blank\">utility2</a>\\n\\","    ]\\n\\","</div>\\n\\","</body>\\n\\","</html>\\n\\","';","        /* jslint-ignore-end */","        if (local.templateRender) {","            local.assetsDict['/'] = local.templateRender(","                local.assetsDict['/assets.index.template.html'],","                {","                    env: local.objectSetDefault(local.env, {","                        npm_package_description: 'the greatest app in the world!',","                        npm_package_name: 'my-app',","                        npm_package_nameAlias: 'my_app',","                        npm_package_version: '0.0.1'","                    })","                }","            );","        } else {","            local.assetsDict['/'] = local.assetsDict['/assets.index.template.html']","                .replace((/\\{\\{env\\.(\\w+?)\\}\\}/g), function (match0, match1) {","                    // jslint-hack","                    String(match0);","                    switch (match1) {","                    case 'npm_package_description':","                        return 'the greatest app in the world!';","                    case 'npm_package_name':","                        return 'my-app';","                    case 'npm_package_nameAlias':","                        return 'my_app';","                    case 'npm_package_version':","                        return '0.0.1';","                    }","                });","        }","        // run the cli","        if (local.global.utility2_rollup || module !== require.main) {","            break;","        }","        local.assetsDict['/assets.example.js'] =","            local.assetsDict['/assets.example.js'] ||","            local.fs.readFileSync(__filename, 'utf8');","        // bug-workaround - long $npm_package_buildCustomOrg","        /* jslint-ignore-begin */","        local.assetsDict['/assets.npmtest_elliptic.rollup.js'] =","            local.assetsDict['/assets.npmtest_elliptic.rollup.js'] ||","            local.fs.readFileSync(","                local.npmtest_elliptic.__dirname + '/lib.npmtest_elliptic.js',","                'utf8'","            ).replace((/^#!/), '//');","        /* jslint-ignore-end */","        local.assetsDict['/favicon.ico'] = local.assetsDict['/favicon.ico'] || '';","        // if $npm_config_timeout_exit exists,","        // then exit this process after $npm_config_timeout_exit ms","        if (Number(process.env.npm_config_timeout_exit)) {","            setTimeout(process.exit, Number(process.env.npm_config_timeout_exit));","        }","        // start server","        if (local.global.utility2_serverHttp1) {","            break;","        }","        process.env.PORT = process.env.PORT || '8081';","        console.error('server starting on port ' + process.env.PORT);","        local.http.createServer(function (request, response) {","            request.urlParsed = local.url.parse(request.url);","            if (local.assetsDict[request.urlParsed.pathname] !== undefined) {","                response.end(local.assetsDict[request.urlParsed.pathname]);","                return;","            }","            response.statusCode = 404;","            response.end();","        }).listen(process.env.PORT);","        break;","    }","}());",""],"l":{"26":2,"28":2,"33":2,"35":2,"37":2,"38":2,"39":2,"44":1,"51":2,"55":2,"59":2,"61":2,"69":1,"70":2,"76":2,"79":2,"82":2,"83":2,"85":1,"89":2,"92":1,"93":1,"94":1,"96":1,"97":1,"100":1,"101":1,"103":1,"106":1,"108":2,"114":1,"116":1,"118":1,"123":1,"124":2,"125":2,"126":3,"127":3,"128":3,"129":3,"130":1,"133":3,"134":3,"139":3,"143":1,"144":3,"145":1,"149":1,"150":1,"158":1,"160":1,"161":1,"162":1,"164":1,"166":1,"258":1,"259":1,"271":1,"274":6,"275":6,"277":1,"279":2,"281":1,"283":2,"288":1,"289":1,"291":1,"296":1,"303":1,"306":1,"307":1,"310":1,"311":1,"313":1,"314":1,"315":1,"316":1,"317":1,"318":1,"319":1,"321":1,"322":1,"324":1}},"/home/travis/build/npmtest/node-npmtest-elliptic/node_modules/elliptic/lib/elliptic.js":{"path":"/home/travis/build/npmtest/node-npmtest-elliptic/node_modules/elliptic/lib/elliptic.js","s":{"1":1,"2":1,"3":1,"4":1,"5":1,"6":1,"7":1,"8":1},"b":{},"f":{},"fnMap":{},"statementMap":{"1":{"start":{"line":3,"column":0},"end":{"line":3,"column":23}},"2":{"start":{"line":5,"column":0},"end":{"line":5,"column":54}},"3":{"start":{"line":6,"column":0},"end":{"line":6,"column":45}},"4":{"start":{"line":7,"column":0},"end":{"line":7,"column":35}},"5":{"start":{"line":8,"column":0},"end":{"line":8,"column":45}},"6":{"start":{"line":9,"column":0},"end":{"line":9,"column":47}},"7":{"start":{"line":12,"column":0},"end":{"line":12,"column":39}},"8":{"start":{"line":13,"column":0},"end":{"line":13,"column":45}}},"branchMap":{},"code":["'use strict';","","var elliptic = exports;","","elliptic.version = require('../package.json').version;","elliptic.utils = require('./elliptic/utils');","elliptic.rand = require('brorand');","elliptic.curve = require('./elliptic/curve');","elliptic.curves = require('./elliptic/curves');","","// Protocols","elliptic.ec = require('./elliptic/ec');","elliptic.eddsa = require('./elliptic/eddsa');",""],"l":{"3":1,"5":1,"6":1,"7":1,"8":1,"9":1,"12":1,"13":1}},"/home/travis/build/npmtest/node-npmtest-elliptic/node_modules/elliptic/lib/elliptic/utils.js":{"path":"/home/travis/build/npmtest/node-npmtest-elliptic/node_modules/elliptic/lib/elliptic/utils.js","s":{"1":1,"2":1,"3":1,"4":1,"5":1,"6":1,"7":1,"8":1,"9":1,"10":1,"11":7,"12":7,"13":7,"14":7,"15":721,"16":721,"17":330,"18":330,"19":171,"20":159,"21":330,"22":391,"23":721,"24":721,"25":721,"26":1371,"27":721,"28":7,"29":1,"30":1,"31":0,"32":0,"33":0,"34":0,"35":0,"36":0,"37":0,"38":0,"39":0,"40":0,"41":0,"42":0,"43":0,"44":0,"45":0,"46":0,"47":0,"48":0,"49":0,"50":0,"51":0,"52":0,"53":0,"54":0,"55":0,"56":0,"57":0,"58":0,"59":0,"60":0,"61":0,"62":0,"63":0,"64":0,"65":0,"66":1,"67":1,"68":10,"69":10,"70":0,"71":1,"72":1,"73":0,"74":1,"75":1,"76":0,"77":1},"b":{"1":[330,391],"2":[171,159],"3":[435,286],"4":[721,714],"5":[0,0],"6":[0,0],"7":[0,0],"8":[0,0],"9":[0,0],"10":[0,0,0],"11":[0,0],"12":[0,0],"13":[0,0,0],"14":[0,0],"15":[0,0],"16":[0,0],"17":[0,0]},"f":{"1":7,"2":0,"3":10,"4":0,"5":0,"6":0},"fnMap":{"1":{"name":"getNAF","line":15,"loc":{"start":{"line":15,"column":0},"end":{"line":15,"column":24}}},"2":{"name":"getJSF","line":45,"loc":{"start":{"line":45,"column":0},"end":{"line":45,"column":24}}},"3":{"name":"cachedProperty","line":101,"loc":{"start":{"line":101,"column":0},"end":{"line":101,"column":45}}},"4":{"name":"cachedProperty","line":103,"loc":{"start":{"line":103,"column":24},"end":{"line":103,"column":50}}},"5":{"name":"parseBytes","line":110,"loc":{"start":{"line":110,"column":0},"end":{"line":110,"column":27}}},"6":{"name":"intFromLE","line":116,"loc":{"start":{"line":116,"column":0},"end":{"line":116,"column":26}}}},"statementMap":{"1":{"start":{"line":3,"column":0},"end":{"line":3,"column":20}},"2":{"start":{"line":4,"column":0},"end":{"line":4,"column":26}},"3":{"start":{"line":5,"column":0},"end":{"line":5,"column":47}},"4":{"start":{"line":6,"column":0},"end":{"line":6,"column":52}},"5":{"start":{"line":8,"column":0},"end":{"line":8,"column":25}},"6":{"start":{"line":9,"column":0},"end":{"line":9,"column":33}},"7":{"start":{"line":10,"column":0},"end":{"line":10,"column":29}},"8":{"start":{"line":11,"column":0},"end":{"line":11,"column":29}},"9":{"start":{"line":12,"column":0},"end":{"line":12,"column":31}},"10":{"start":{"line":15,"column":0},"end":{"line":41,"column":1}},"11":{"start":{"line":16,"column":2},"end":{"line":16,"column":15}},"12":{"start":{"line":17,"column":2},"end":{"line":17,"column":24}},"13":{"start":{"line":18,"column":2},"end":{"line":18,"column":22}},"14":{"start":{"line":19,"column":2},"end":{"line":38,"column":3}},"15":{"start":{"line":20,"column":4},"end":{"line":20,"column":10}},"16":{"start":{"line":21,"column":4},"end":{"line":30,"column":5}},"17":{"start":{"line":22,"column":6},"end":{"line":22,"column":32}},"18":{"start":{"line":23,"column":6},"end":{"line":26,"column":16}},"19":{"start":{"line":24,"column":8},"end":{"line":24,"column":28}},"20":{"start":{"line":26,"column":8},"end":{"line":26,"column":16}},"21":{"start":{"line":27,"column":6},"end":{"line":27,"column":17}},"22":{"start":{"line":29,"column":6},"end":{"line":29,"column":12}},"23":{"start":{"line":31,"column":4},"end":{"line":31,"column":16}},"24":{"start":{"line":34,"column":4},"end":{"line":34,"column":73}},"25":{"start":{"line":35,"column":4},"end":{"line":36,"column":18}},"26":{"start":{"line":36,"column":6},"end":{"line":36,"column":18}},"27":{"start":{"line":37,"column":4},"end":{"line":37,"column":20}},"28":{"start":{"line":40,"column":2},"end":{"line":40,"column":13}},"29":{"start":{"line":42,"column":0},"end":{"line":42,"column":22}},"30":{"start":{"line":45,"column":0},"end":{"line":98,"column":1}},"31":{"start":{"line":46,"column":2},"end":{"line":49,"column":4}},"32":{"start":{"line":51,"column":2},"end":{"line":51,"column":18}},"33":{"start":{"line":52,"column":2},"end":{"line":52,"column":18}},"34":{"start":{"line":53,"column":2},"end":{"line":53,"column":13}},"35":{"start":{"line":54,"column":2},"end":{"line":54,"column":13}},"36":{"start":{"line":55,"column":2},"end":{"line":95,"column":3}},"37":{"start":{"line":58,"column":4},"end":{"line":58,"column":37}},"38":{"start":{"line":59,"column":4},"end":{"line":59,"column":37}},"39":{"start":{"line":60,"column":4},"end":{"line":61,"column":15}},"40":{"start":{"line":61,"column":6},"end":{"line":61,"column":15}},"41":{"start":{"line":62,"column":4},"end":{"line":63,"column":15}},"42":{"start":{"line":63,"column":6},"end":{"line":63,"column":15}},"43":{"start":{"line":64,"column":4},"end":{"line":64,"column":11}},"44":{"start":{"line":65,"column":4},"end":{"line":73,"column":5}},"45":{"start":{"line":66,"column":6},"end":{"line":66,"column":13}},"46":{"start":{"line":68,"column":6},"end":{"line":68,"column":38}},"47":{"start":{"line":69,"column":6},"end":{"line":72,"column":17}},"48":{"start":{"line":70,"column":8},"end":{"line":70,"column":18}},"49":{"start":{"line":72,"column":8},"end":{"line":72,"column":17}},"50":{"start":{"line":74,"column":4},"end":{"line":74,"column":20}},"51":{"start":{"line":76,"column":4},"end":{"line":76,"column":11}},"52":{"start":{"line":77,"column":4},"end":{"line":85,"column":5}},"53":{"start":{"line":78,"column":6},"end":{"line":78,"column":13}},"54":{"start":{"line":80,"column":6},"end":{"line":80,"column":38}},"55":{"start":{"line":81,"column":6},"end":{"line":84,"column":17}},"56":{"start":{"line":82,"column":8},"end":{"line":82,"column":18}},"57":{"start":{"line":84,"column":8},"end":{"line":84,"column":17}},"58":{"start":{"line":86,"column":4},"end":{"line":86,"column":20}},"59":{"start":{"line":89,"column":4},"end":{"line":90,"column":18}},"60":{"start":{"line":90,"column":6},"end":{"line":90,"column":18}},"61":{"start":{"line":91,"column":4},"end":{"line":92,"column":18}},"62":{"start":{"line":92,"column":6},"end":{"line":92,"column":18}},"63":{"start":{"line":93,"column":4},"end":{"line":93,"column":17}},"64":{"start":{"line":94,"column":4},"end":{"line":94,"column":17}},"65":{"start":{"line":97,"column":2},"end":{"line":97,"column":13}},"66":{"start":{"line":99,"column":0},"end":{"line":99,"column":22}},"67":{"start":{"line":101,"column":0},"end":{"line":107,"column":1}},"68":{"start":{"line":102,"column":2},"end":{"line":102,"column":23}},"69":{"start":{"line":103,"column":2},"end":{"line":106,"column":4}},"70":{"start":{"line":104,"column":4},"end":{"line":105,"column":43}},"71":{"start":{"line":108,"column":0},"end":{"line":108,"column":38}},"72":{"start":{"line":110,"column":0},"end":{"line":113,"column":1}},"73":{"start":{"line":111,"column":2},"end":{"line":112,"column":43}},"74":{"start":{"line":114,"column":0},"end":{"line":114,"column":30}},"75":{"start":{"line":116,"column":0},"end":{"line":118,"column":1}},"76":{"start":{"line":117,"column":2},"end":{"line":117,"column":36}},"77":{"start":{"line":119,"column":0},"end":{"line":119,"column":28}}},"branchMap":{"1":{"line":21,"type":"if","locations":[{"start":{"line":21,"column":4},"end":{"line":21,"column":4}},{"start":{"line":21,"column":4},"end":{"line":21,"column":4}}]},"2":{"line":23,"type":"if","locations":[{"start":{"line":23,"column":6},"end":{"line":23,"column":6}},{"start":{"line":23,"column":6},"end":{"line":23,"column":6}}]},"3":{"line":34,"type":"cond-expr","locations":[{"start":{"line":34,"column":62},"end":{"line":34,"column":67}},{"start":{"line":34,"column":71},"end":{"line":34,"column":72}}]},"4":{"line":34,"type":"binary-expr","locations":[{"start":{"line":34,"column":17},"end":{"line":34,"column":32}},{"start":{"line":34,"column":36},"end":{"line":34,"column":57}}]},"5":{"line":55,"type":"binary-expr","locations":[{"start":{"line":55,"column":9},"end":{"line":55,"column":25}},{"start":{"line":55,"column":29},"end":{"line":55,"column":45}}]},"6":{"line":60,"type":"if","locations":[{"start":{"line":60,"column":4},"end":{"line":60,"column":4}},{"start":{"line":60,"column":4},"end":{"line":60,"column":4}}]},"7":{"line":62,"type":"if","locations":[{"start":{"line":62,"column":4},"end":{"line":62,"column":4}},{"start":{"line":62,"column":4},"end":{"line":62,"column":4}}]},"8":{"line":65,"type":"if","locations":[{"start":{"line":65,"column":4},"end":{"line":65,"column":4}},{"start":{"line":65,"column":4},"end":{"line":65,"column":4}}]},"9":{"line":69,"type":"if","locations":[{"start":{"line":69,"column":6},"end":{"line":69,"column":6}},{"start":{"line":69,"column":6},"end":{"line":69,"column":6}}]},"10":{"line":69,"type":"binary-expr","locations":[{"start":{"line":69,"column":11},"end":{"line":69,"column":19}},{"start":{"line":69,"column":23},"end":{"line":69,"column":31}},{"start":{"line":69,"column":36},"end":{"line":69,"column":45}}]},"11":{"line":77,"type":"if","locations":[{"start":{"line":77,"column":4},"end":{"line":77,"column":4}},{"start":{"line":77,"column":4},"end":{"line":77,"column":4}}]},"12":{"line":81,"type":"if","locations":[{"start":{"line":81,"column":6},"end":{"line":81,"column":6}},{"start":{"line":81,"column":6},"end":{"line":81,"column":6}}]},"13":{"line":81,"type":"binary-expr","locations":[{"start":{"line":81,"column":11},"end":{"line":81,"column":19}},{"start":{"line":81,"column":23},"end":{"line":81,"column":31}},{"start":{"line":81,"column":36},"end":{"line":81,"column":45}}]},"14":{"line":89,"type":"if","locations":[{"start":{"line":89,"column":4},"end":{"line":89,"column":4}},{"start":{"line":89,"column":4},"end":{"line":89,"column":4}}]},"15":{"line":91,"type":"if","locations":[{"start":{"line":91,"column":4},"end":{"line":91,"column":4}},{"start":{"line":91,"column":4},"end":{"line":91,"column":4}}]},"16":{"line":104,"type":"cond-expr","locations":[{"start":{"line":104,"column":37},"end":{"line":104,"column":46}},{"start":{"line":105,"column":11},"end":{"line":105,"column":42}}]},"17":{"line":111,"type":"cond-expr","locations":[{"start":{"line":111,"column":37},"end":{"line":111,"column":64}},{"start":{"line":112,"column":37},"end":{"line":112,"column":42}}]}},"code":["'use strict';","","var utils = exports;","var BN = require('bn.js');","var minAssert = require('minimalistic-assert');","var minUtils = require('minimalistic-crypto-utils');","","utils.assert = minAssert;","utils.toArray = minUtils.toArray;","utils.zero2 = minUtils.zero2;","utils.toHex = minUtils.toHex;","utils.encode = minUtils.encode;","","// Represent num in a w-NAF form","function getNAF(num, w) {","  var naf = [];","  var ws = 1 << (w + 1);","  var k = num.clone();","  while (k.cmpn(1) >= 0) {","    var z;","    if (k.isOdd()) {","      var mod = k.andln(ws - 1);","      if (mod > (ws >> 1) - 1)","        z = (ws >> 1) - mod;","      else","        z = mod;","      k.isubn(z);","    } else {","      z = 0;","    }","    naf.push(z);","","    // Optimization, shift by word if possible","    var shift = (k.cmpn(0) !== 0 && k.andln(ws - 1) === 0) ? (w + 1) : 1;","    for (var i = 1; i < shift; i++)","      naf.push(0);","    k.iushrn(shift);","  }","","  return naf;","}","utils.getNAF = getNAF;","","// Represent k1, k2 in a Joint Sparse Form","function getJSF(k1, k2) {","  var jsf = [","    [],","    []","  ];","","  k1 = k1.clone();","  k2 = k2.clone();","  var d1 = 0;","  var d2 = 0;","  while (k1.cmpn(-d1) > 0 || k2.cmpn(-d2) > 0) {","","    // First phase","    var m14 = (k1.andln(3) + d1) & 3;","    var m24 = (k2.andln(3) + d2) & 3;","    if (m14 === 3)","      m14 = -1;","    if (m24 === 3)","      m24 = -1;","    var u1;","    if ((m14 & 1) === 0) {","      u1 = 0;","    } else {","      var m8 = (k1.andln(7) + d1) & 7;","      if ((m8 === 3 || m8 === 5) && m24 === 2)","        u1 = -m14;","      else","        u1 = m14;","    }","    jsf[0].push(u1);","","    var u2;","    if ((m24 & 1) === 0) {","      u2 = 0;","    } else {","      var m8 = (k2.andln(7) + d2) & 7;","      if ((m8 === 3 || m8 === 5) && m14 === 2)","        u2 = -m24;","      else","        u2 = m24;","    }","    jsf[1].push(u2);","","    // Second phase","    if (2 * d1 === u1 + 1)","      d1 = 1 - d1;","    if (2 * d2 === u2 + 1)","      d2 = 1 - d2;","    k1.iushrn(1);","    k2.iushrn(1);","  }","","  return jsf;","}","utils.getJSF = getJSF;","","function cachedProperty(obj, name, computer) {","  var key = '_' + name;","  obj.prototype[name] = function cachedProperty() {","    return this[key] !== undefined ? this[key] :","           this[key] = computer.call(this);","  };","}","utils.cachedProperty = cachedProperty;","","function parseBytes(bytes) {","  return typeof bytes === 'string' ? utils.toArray(bytes, 'hex') :","                                     bytes;","}","utils.parseBytes = parseBytes;","","function intFromLE(bytes) {","  return new BN(bytes, 'hex', 'le');","}","utils.intFromLE = intFromLE;","",""],"l":{"3":1,"4":1,"5":1,"6":1,"8":1,"9":1,"10":1,"11":1,"12":1,"15":1,"16":7,"17":7,"18":7,"19":7,"20":721,"21":721,"22":330,"23":330,"24":171,"26":159,"27":330,"29":391,"31":721,"34":721,"35":721,"36":1371,"37":721,"40":7,"42":1,"45":1,"46":0,"51":0,"52":0,"53":0,"54":0,"55":0,"58":0,"59":0,"60":0,"61":0,"62":0,"63":0,"64":0,"65":0,"66":0,"68":0,"69":0,"70":0,"72":0,"74":0,"76":0,"77":0,"78":0,"80":0,"81":0,"82":0,"84":0,"86":0,"89":0,"90":0,"91":0,"92":0,"93":0,"94":0,"97":0,"99":1,"101":1,"102":10,"103":10,"104":0,"108":1,"110":1,"111":0,"114":1,"116":1,"117":0,"119":1}},"/home/travis/build/npmtest/node-npmtest-elliptic/node_modules/elliptic/lib/elliptic/curve/index.js":{"path":"/home/travis/build/npmtest/node-npmtest-elliptic/node_modules/elliptic/lib/elliptic/curve/index.js","s":{"1":1,"2":1,"3":1,"4":1,"5":1},"b":{},"f":{},"fnMap":{},"statementMap":{"1":{"start":{"line":3,"column":0},"end":{"line":3,"column":20}},"2":{"start":{"line":5,"column":0},"end":{"line":5,"column":31}},"3":{"start":{"line":6,"column":0},"end":{"line":6,"column":33}},"4":{"start":{"line":7,"column":0},"end":{"line":7,"column":31}},"5":{"start":{"line":8,"column":0},"end":{"line":8,"column":37}}},"branchMap":{},"code":["'use strict';","","var curve = exports;","","curve.base = require('./base');","curve.short = require('./short');","curve.mont = require('./mont');","curve.edwards = require('./edwards');",""],"l":{"3":1,"5":1,"6":1,"7":1,"8":1}},"/home/travis/build/npmtest/node-npmtest-elliptic/node_modules/elliptic/lib/elliptic/curve/base.js":{"path":"/home/travis/build/npmtest/node-npmtest-elliptic/node_modules/elliptic/lib/elliptic/curve/base.js","s":{"1":1,"2":1,"3":1,"4":1,"5":1,"6":1,"7":1,"8":8,"9":8,"10":8,"11":8,"12":8,"13":8,"14":8,"15":8,"16":8,"17":8,"18":8,"19":8,"20":8,"21":8,"22":0,"23":8,"24":8,"25":1,"26":1,"27":0,"28":1,"29":0,"30":1,"31":1,"32":1,"33":1,"34":1,"35":1,"36":1,"37":1,"38":65,"39":65,"40":260,"41":65,"42":1,"43":1,"44":1,"45":10,"46":650,"47":650,"48":14,"49":636,"50":17,"51":10,"52":1,"53":1,"54":6,"55":6,"56":6,"57":6,"58":6,"59":6,"60":6,"61":287,"62":1548,"63":287,"64":287,"65":287,"66":287,"67":0,"68":287,"69":287,"70":287,"71":244,"72":120,"73":124,"74":43,"75":19,"76":24,"77":6,"78":1,"79":0,"80":0,"81":0,"82":0,"83":0,"84":0,"85":0,"86":0,"87":0,"88":0,"89":0,"90":0,"91":0,"92":0,"93":0,"94":0,"95":0,"96":0,"97":0,"98":0,"99":0,"100":0,"101":0,"102":0,"103":0,"104":0,"105":0,"106":0,"107":0,"108":0,"109":0,"110":0,"111":0,"112":0,"113":0,"114":0,"115":0,"116":0,"117":0,"118":0,"119":0,"120":0,"121":0,"122":0,"123":0,"124":0,"125":0,"126":0,"127":0,"128":0,"129":0,"130":0,"131":0,"132":0,"133":0,"134":0,"135":0,"136":0,"137":0,"138":0,"139":0,"140":0,"141":0,"142":0,"143":0,"144":0,"145":0,"146":0,"147":0,"148":0,"149":0,"150":0,"151":0,"152":0,"153":1,"154":3201,"155":3201,"156":3201,"157":1,"158":1,"159":0,"160":1,"161":8,"162":1,"163":0,"164":0,"165":0,"166":0,"167":0,"168":0,"169":0,"170":0,"171":0,"172":0,"173":0,"174":0,"175":1,"176":0,"177":1,"178":0,"179":0,"180":0,"181":0,"182":0,"183":1,"184":0,"185":1,"186":0,"187":0,"188":0,"189":0,"190":0,"191":0,"192":0,"193":0,"194":1,"195":7,"196":6,"197":1,"198":1,"199":0,"200":1,"201":1,"202":1,"203":1,"204":0,"205":0,"206":0,"207":0,"208":0,"209":0,"210":0,"211":1,"212":6,"213":0,"214":6,"215":6,"216":6,"217":6,"218":84,"219":6,"220":1,"221":0,"222":1,"223":43,"224":43,"225":253,"226":43},"b":{"1":[5,3],"2":[8,8],"3":[8,8],"4":[8,8],"5":[0,8],"6":[8,8],"7":[1,0],"8":[14,636],"9":[17,619],"10":[1835,1835],"11":[287,0],"12":[0,287],"13":[244,43],"14":[120,124],"15":[19,24],"16":[5,1],"17":[0,0],"18":[0,0],"19":[0,0],"20":[0,0],"21":[0,0],"22":[0,0],"23":[0,0],"24":[0,0],"25":[0,0],"26":[0,0],"27":[0,0],"28":[0,0],"29":[0,0],"30":[0,0],"31":[0,0,0,0],"32":[0,0],"33":[0,0],"34":[0,0],"35":[0,0,0],"36":[0,0],"37":[0,0],"38":[0,0],"39":[6,1],"40":[0,1],"41":[1,0],"42":[1,1],"43":[0,6],"44":[6,0],"45":[0,6]},"f":{"1":8,"2":0,"3":0,"4":1,"5":6,"6":0,"7":3201,"8":0,"9":8,"10":0,"11":0,"12":0,"13":0,"14":0,"15":7,"16":1,"17":6,"18":0,"19":43},"fnMap":{"1":{"name":"BaseCurve","line":10,"loc":{"start":{"line":10,"column":0},"end":{"line":10,"column":31}}},"2":{"name":"point","line":43,"loc":{"start":{"line":43,"column":28},"end":{"line":43,"column":45}}},"3":{"name":"validate","line":47,"loc":{"start":{"line":47,"column":31},"end":{"line":47,"column":51}}},"4":{"name":"_fixedNafMul","line":51,"loc":{"start":{"line":51,"column":35},"end":{"line":51,"column":63}}},"5":{"name":"_wnafMul","line":83,"loc":{"start":{"line":83,"column":31},"end":{"line":83,"column":55}}},"6":{"name":"_wnafMulAdd","line":125,"loc":{"start":{"line":125,"column":34},"end":{"line":129,"column":71}}},"7":{"name":"BasePoint","line":249,"loc":{"start":{"line":249,"column":0},"end":{"line":249,"column":32}}},"8":{"name":"eq","line":256,"loc":{"start":{"line":256,"column":25},"end":{"line":256,"column":48}}},"9":{"name":"validate","line":260,"loc":{"start":{"line":260,"column":31},"end":{"line":260,"column":51}}},"10":{"name":"decodePoint","line":264,"loc":{"start":{"line":264,"column":34},"end":{"line":264,"column":67}}},"11":{"name":"encodeCompressed","line":288,"loc":{"start":{"line":288,"column":39},"end":{"line":288,"column":70}}},"12":{"name":"_encode","line":292,"loc":{"start":{"line":292,"column":30},"end":{"line":292,"column":56}}},"13":{"name":"encode","line":302,"loc":{"start":{"line":302,"column":29},"end":{"line":302,"column":59}}},"14":{"name":"precompute","line":306,"loc":{"start":{"line":306,"column":33},"end":{"line":306,"column":60}}},"15":{"name":"_hasDoubles","line":323,"loc":{"start":{"line":323,"column":34},"end":{"line":323,"column":58}}},"16":{"name":"_getDoubles","line":334,"loc":{"start":{"line":334,"column":34},"end":{"line":334,"column":68}}},"17":{"name":"_getNAFPoints","line":351,"loc":{"start":{"line":351,"column":36},"end":{"line":351,"column":64}}},"18":{"name":"_getBeta","line":366,"loc":{"start":{"line":366,"column":31},"end":{"line":366,"column":51}}},"19":{"name":"dblp","line":370,"loc":{"start":{"line":370,"column":27},"end":{"line":370,"column":44}}}},"statementMap":{"1":{"start":{"line":3,"column":0},"end":{"line":3,"column":26}},"2":{"start":{"line":4,"column":0},"end":{"line":4,"column":41}},"3":{"start":{"line":5,"column":0},"end":{"line":5,"column":27}},"4":{"start":{"line":6,"column":0},"end":{"line":6,"column":26}},"5":{"start":{"line":7,"column":0},"end":{"line":7,"column":26}},"6":{"start":{"line":8,"column":0},"end":{"line":8,"column":26}},"7":{"start":{"line":10,"column":0},"end":{"line":40,"column":1}},"8":{"start":{"line":11,"column":2},"end":{"line":11,"column":19}},"9":{"start":{"line":12,"column":2},"end":{"line":12,"column":30}},"10":{"start":{"line":15,"column":2},"end":{"line":15,"column":63}},"11":{"start":{"line":18,"column":2},"end":{"line":18,"column":40}},"12":{"start":{"line":19,"column":2},"end":{"line":19,"column":39}},"13":{"start":{"line":20,"column":2},"end":{"line":20,"column":39}},"14":{"start":{"line":23,"column":2},"end":{"line":23,"column":40}},"15":{"start":{"line":24,"column":2},"end":{"line":24,"column":59}},"16":{"start":{"line":27,"column":2},"end":{"line":27,"column":30}},"17":{"start":{"line":28,"column":2},"end":{"line":28,"column":30}},"18":{"start":{"line":29,"column":2},"end":{"line":29,"column":30}},"19":{"start":{"line":30,"column":2},"end":{"line":30,"column":30}},"20":{"start":{"line":33,"column":2},"end":{"line":33,"column":49}},"21":{"start":{"line":34,"column":2},"end":{"line":39,"column":3}},"22":{"start":{"line":35,"column":4},"end":{"line":35,"column":21}},"23":{"start":{"line":37,"column":4},"end":{"line":37,"column":30}},"24":{"start":{"line":38,"column":4},"end":{"line":38,"column":39}},"25":{"start":{"line":41,"column":0},"end":{"line":41,"column":27}},"26":{"start":{"line":43,"column":0},"end":{"line":45,"column":2}},"27":{"start":{"line":44,"column":2},"end":{"line":44,"column":37}},"28":{"start":{"line":47,"column":0},"end":{"line":49,"column":2}},"29":{"start":{"line":48,"column":2},"end":{"line":48,"column":37}},"30":{"start":{"line":51,"column":0},"end":{"line":81,"column":2}},"31":{"start":{"line":52,"column":2},"end":{"line":52,"column":24}},"32":{"start":{"line":53,"column":2},"end":{"line":53,"column":32}},"33":{"start":{"line":55,"column":2},"end":{"line":55,"column":25}},"34":{"start":{"line":56,"column":2},"end":{"line":56,"column":71}},"35":{"start":{"line":57,"column":2},"end":{"line":57,"column":9}},"36":{"start":{"line":60,"column":2},"end":{"line":60,"column":16}},"37":{"start":{"line":61,"column":2},"end":{"line":66,"column":3}},"38":{"start":{"line":62,"column":4},"end":{"line":62,"column":17}},"39":{"start":{"line":63,"column":4},"end":{"line":64,"column":34}},"40":{"start":{"line":64,"column":6},"end":{"line":64,"column":34}},"41":{"start":{"line":65,"column":4},"end":{"line":65,"column":20}},"42":{"start":{"line":68,"column":2},"end":{"line":68,"column":40}},"43":{"start":{"line":69,"column":2},"end":{"line":69,"column":40}},"44":{"start":{"line":70,"column":2},"end":{"line":79,"column":3}},"45":{"start":{"line":71,"column":4},"end":{"line":77,"column":5}},"46":{"start":{"line":72,"column":6},"end":{"line":72,"column":25}},"47":{"start":{"line":73,"column":6},"end":{"line":76,"column":48}},"48":{"start":{"line":74,"column":8},"end":{"line":74,"column":42}},"49":{"start":{"line":75,"column":11},"end":{"line":76,"column":48}},"50":{"start":{"line":76,"column":8},"end":{"line":76,"column":48}},"51":{"start":{"line":78,"column":4},"end":{"line":78,"column":17}},"52":{"start":{"line":80,"column":2},"end":{"line":80,"column":17}},"53":{"start":{"line":83,"column":0},"end":{"line":123,"column":2}},"54":{"start":{"line":84,"column":2},"end":{"line":84,"column":12}},"55":{"start":{"line":87,"column":2},"end":{"line":87,"column":37}},"56":{"start":{"line":88,"column":2},"end":{"line":88,"column":20}},"57":{"start":{"line":89,"column":2},"end":{"line":89,"column":29}},"58":{"start":{"line":92,"column":2},"end":{"line":92,"column":25}},"59":{"start":{"line":95,"column":2},"end":{"line":95,"column":42}},"60":{"start":{"line":96,"column":2},"end":{"line":121,"column":3}},"61":{"start":{"line":98,"column":4},"end":{"line":99,"column":10}},"62":{"start":{"line":99,"column":6},"end":{"line":99,"column":10}},"63":{"start":{"line":100,"column":4},"end":{"line":101,"column":10}},"64":{"start":{"line":101,"column":6},"end":{"line":101,"column":10}},"65":{"start":{"line":102,"column":4},"end":{"line":102,"column":22}},"66":{"start":{"line":104,"column":4},"end":{"line":105,"column":12}},"67":{"start":{"line":105,"column":6},"end":{"line":105,"column":12}},"68":{"start":{"line":106,"column":4},"end":{"line":106,"column":19}},"69":{"start":{"line":107,"column":4},"end":{"line":107,"column":20}},"70":{"start":{"line":108,"column":4},"end":{"line":120,"column":5}},"71":{"start":{"line":110,"column":6},"end":{"line":113,"column":53}},"72":{"start":{"line":111,"column":8},"end":{"line":111,"column":46}},"73":{"start":{"line":113,"column":8},"end":{"line":113,"column":53}},"74":{"start":{"line":116,"column":6},"end":{"line":119,"column":48}},"75":{"start":{"line":117,"column":8},"end":{"line":117,"column":41}},"76":{"start":{"line":119,"column":8},"end":{"line":119,"column":48}},"77":{"start":{"line":122,"column":2},"end":{"line":122,"column":47}},"78":{"start":{"line":125,"column":0},"end":{"line":247,"column":2}},"79":{"start":{"line":130,"column":2},"end":{"line":130,"column":30}},"80":{"start":{"line":131,"column":2},"end":{"line":131,"column":25}},"81":{"start":{"line":132,"column":2},"end":{"line":132,"column":25}},"82":{"start":{"line":135,"column":2},"end":{"line":135,"column":14}},"83":{"start":{"line":136,"column":2},"end":{"line":141,"column":3}},"84":{"start":{"line":137,"column":4},"end":{"line":137,"column":22}},"85":{"start":{"line":138,"column":4},"end":{"line":138,"column":42}},"86":{"start":{"line":139,"column":4},"end":{"line":139,"column":32}},"87":{"start":{"line":140,"column":4},"end":{"line":140,"column":30}},"88":{"start":{"line":144,"column":2},"end":{"line":198,"column":3}},"89":{"start":{"line":145,"column":4},"end":{"line":145,"column":18}},"90":{"start":{"line":146,"column":4},"end":{"line":146,"column":14}},"91":{"start":{"line":147,"column":4},"end":{"line":153,"column":5}},"92":{"start":{"line":148,"column":6},"end":{"line":148,"column":46}},"93":{"start":{"line":149,"column":6},"end":{"line":149,"column":46}},"94":{"start":{"line":150,"column":6},"end":{"line":150,"column":41}},"95":{"start":{"line":151,"column":6},"end":{"line":151,"column":41}},"96":{"start":{"line":152,"column":6},"end":{"line":152,"column":15}},"97":{"start":{"line":155,"column":4},"end":{"line":160,"column":6}},"98":{"start":{"line":163,"column":4},"end":{"line":172,"column":5}},"99":{"start":{"line":164,"column":6},"end":{"line":164,"column":41}},"100":{"start":{"line":165,"column":6},"end":{"line":165,"column":58}},"101":{"start":{"line":166,"column":11},"end":{"line":172,"column":5}},"102":{"start":{"line":167,"column":6},"end":{"line":167,"column":52}},"103":{"start":{"line":168,"column":6},"end":{"line":168,"column":47}},"104":{"start":{"line":170,"column":6},"end":{"line":170,"column":52}},"105":{"start":{"line":171,"column":6},"end":{"line":171,"column":58}},"106":{"start":{"line":174,"column":4},"end":{"line":184,"column":6}},"107":{"start":{"line":186,"column":4},"end":{"line":186,"column":43}},"108":{"start":{"line":187,"column":4},"end":{"line":187,"column":39}},"109":{"start":{"line":188,"column":4},"end":{"line":188,"column":28}},"110":{"start":{"line":189,"column":4},"end":{"line":189,"column":28}},"111":{"start":{"line":190,"column":4},"end":{"line":197,"column":5}},"112":{"start":{"line":191,"column":6},"end":{"line":191,"column":29}},"113":{"start":{"line":192,"column":6},"end":{"line":192,"column":29}},"114":{"start":{"line":194,"column":6},"end":{"line":194,"column":49}},"115":{"start":{"line":195,"column":6},"end":{"line":195,"column":20}},"116":{"start":{"line":196,"column":6},"end":{"line":196,"column":20}},"117":{"start":{"line":200,"column":2},"end":{"line":200,"column":42}},"118":{"start":{"line":201,"column":2},"end":{"line":201,"column":25}},"119":{"start":{"line":202,"column":2},"end":{"line":238,"column":3}},"120":{"start":{"line":203,"column":4},"end":{"line":203,"column":14}},"121":{"start":{"line":205,"column":4},"end":{"line":216,"column":5}},"122":{"start":{"line":206,"column":6},"end":{"line":206,"column":22}},"123":{"start":{"line":207,"column":6},"end":{"line":211,"column":7}},"124":{"start":{"line":208,"column":8},"end":{"line":208,"column":31}},"125":{"start":{"line":209,"column":8},"end":{"line":210,"column":23}},"126":{"start":{"line":210,"column":10},"end":{"line":210,"column":23}},"127":{"start":{"line":212,"column":6},"end":{"line":213,"column":14}},"128":{"start":{"line":213,"column":8},"end":{"line":213,"column":14}},"129":{"start":{"line":214,"column":6},"end":{"line":214,"column":10}},"130":{"start":{"line":215,"column":6},"end":{"line":215,"column":10}},"131":{"start":{"line":217,"column":4},"end":{"line":218,"column":10}},"132":{"start":{"line":218,"column":6},"end":{"line":218,"column":10}},"133":{"start":{"line":219,"column":4},"end":{"line":219,"column":22}},"134":{"start":{"line":220,"column":4},"end":{"line":221,"column":12}},"135":{"start":{"line":221,"column":6},"end":{"line":221,"column":12}},"136":{"start":{"line":223,"column":4},"end":{"line":237,"column":5}},"137":{"start":{"line":224,"column":6},"end":{"line":224,"column":21}},"138":{"start":{"line":225,"column":6},"end":{"line":225,"column":12}},"139":{"start":{"line":226,"column":6},"end":{"line":231,"column":40}},"140":{"start":{"line":227,"column":8},"end":{"line":227,"column":17}},"141":{"start":{"line":228,"column":11},"end":{"line":231,"column":40}},"142":{"start":{"line":229,"column":8},"end":{"line":229,"column":33}},
[...]
rve.n.bitLength() + 1);","","  this.pointClass = curve.point().constructor;","  this.encodingLength = Math.ceil(curve.n.bitLength() / 8);","  this.hash = hash.sha512;","}","","module.exports = EDDSA;","","/**","* @param {Array|String} message - message bytes","* @param {Array|String|KeyPair} secret - secret bytes or a keypair","* @returns {Signature} - signature","*/","EDDSA.prototype.sign = function sign(message, secret) {","  message = parseBytes(message);","  var key = this.keyFromSecret(secret);","  var r = this.hashInt(key.messagePrefix(), message);","  var R = this.g.mul(r);","  var Rencoded = this.encodePoint(R);","  var s_ = this.hashInt(Rencoded, key.pubBytes(), message)","               .mul(key.priv());","  var S = r.add(s_).umod(this.curve.n);","  return this.makeSignature({ R: R, S: S, Rencoded: Rencoded });","};","","/**","* @param {Array} message - message bytes","* @param {Array|String|Signature} sig - sig bytes","* @param {Array|String|Point|KeyPair} pub - public key","* @returns {Boolean} - true if public key matches sig of message","*/","EDDSA.prototype.verify = function verify(message, sig, pub) {","  message = parseBytes(message);","  sig = this.makeSignature(sig);","  var key = this.keyFromPublic(pub);","  var h = this.hashInt(sig.Rencoded(), key.pubBytes(), message);","  var SG = this.g.mul(sig.S());","  var RplusAh = sig.R().add(key.pub().mul(h));","  return RplusAh.eq(SG);","};","","EDDSA.prototype.hashInt = function hashInt() {","  var hash = this.hash();","  for (var i = 0; i < arguments.length; i++)","    hash.update(arguments[i]);","  return utils.intFromLE(hash.digest()).umod(this.curve.n);","};","","EDDSA.prototype.keyFromPublic = function keyFromPublic(pub) {","  return KeyPair.fromPublic(this, pub);","};","","EDDSA.prototype.keyFromSecret = function keyFromSecret(secret) {","  return KeyPair.fromSecret(this, secret);","};","","EDDSA.prototype.makeSignature = function makeSignature(sig) {","  if (sig instanceof Signature)","    return sig;","  return new Signature(this, sig);","};","","/**","* * https://tools.ietf.org/html/draft-josefsson-eddsa-ed25519-03#section-5.2","*","* EDDSA defines methods for encoding and decoding points and integers. These are","* helper convenience methods, that pass along to utility functions implied","* parameters.","*","*/","EDDSA.prototype.encodePoint = function encodePoint(point) {","  var enc = point.getY().toArray('le', this.encodingLength);","  enc[this.encodingLength - 1] |= point.getX().isOdd() ? 0x80 : 0;","  return enc;","};","","EDDSA.prototype.decodePoint = function decodePoint(bytes) {","  bytes = utils.parseBytes(bytes);","","  var lastIx = bytes.length - 1;","  var normed = bytes.slice(0, lastIx).concat(bytes[lastIx] & ~0x80);","  var xIsOdd = (bytes[lastIx] & 0x80) !== 0;","","  var y = utils.intFromLE(normed);","  return this.curve.pointFromY(y, xIsOdd);","};","","EDDSA.prototype.encodeInt = function encodeInt(num) {","  return num.toArray('le', this.encodingLength);","};","","EDDSA.prototype.decodeInt = function decodeInt(bytes) {","  return utils.intFromLE(bytes);","};","","EDDSA.prototype.isPoint = function isPoint(val) {","  return val instanceof this.pointClass;","};",""],"l":{"3":1,"4":1,"5":1,"6":1,"7":1,"8":1,"9":1,"11":1,"12":0,"14":0,"15":0,"17":0,"18":0,"19":0,"20":0,"22":0,"23":0,"24":0,"27":1,"34":1,"35":0,"36":0,"37":0,"38":0,"39":0,"40":0,"42":0,"43":0,"52":1,"53":0,"54":0,"55":0,"56":0,"57":0,"58":0,"59":0,"62":1,"63":0,"64":0,"65":0,"66":0,"69":1,"70":0,"73":1,"74":0,"77":1,"78":0,"79":0,"80":0,"91":1,"92":0,"93":0,"94":0,"97":1,"98":0,"100":0,"101":0,"102":0,"104":0,"105":0,"108":1,"109":0,"112":1,"113":0,"116":1,"117":0}},"/home/travis/build/npmtest/node-npmtest-elliptic/node_modules/elliptic/lib/elliptic/eddsa/key.js":{"path":"/home/travis/build/npmtest/node-npmtest-elliptic/node_modules/elliptic/lib/elliptic/eddsa/key.js","s":{"1":1,"2":1,"3":1,"4":1,"5":1,"6":1,"7":0,"8":0,"9":0,"10":0,"11":0,"12":1,"13":0,"14":0,"15":0,"16":1,"17":0,"18":0,"19":0,"20":1,"21":0,"22":1,"23":0,"24":1,"25":0,"26":0,"27":0,"28":1,"29":0,"30":0,"31":0,"32":0,"33":0,"34":0,"35":0,"36":0,"37":1,"38":0,"39":1,"40":0,"41":1,"42":0,"43":1,"44":0,"45":0,"46":1,"47":0,"48":1,"49":0,"50":0,"51":1,"52":0,"53":1},"b":{"1":[0,0],"2":[0,0],"3":[0,0],"4":[0,0]},"f":{"1":0,"2":0,"3":0,"4":0,"5":0,"6":0,"7":0,"8":0,"9":0,"10":0,"11":0,"12":0,"13":0,"14":0},"fnMap":{"1":{"name":"KeyPair","line":18,"loc":{"start":{"line":18,"column":0},"end":{"line":18,"column":32}}},"2":{"name":"fromPublic","line":27,"loc":{"start":{"line":27,"column":21},"end":{"line":27,"column":53}}},"3":{"name":"fromSecret","line":33,"loc":{"start":{"line":33,"column":21},"end":{"line":33,"column":56}}},"4":{"name":"secret","line":39,"loc":{"start":{"line":39,"column":27},"end":{"line":39,"column":45}}},"5":{"name":"pubBytes","line":43,"loc":{"start":{"line":43,"column":36},"end":{"line":43,"column":56}}},"6":{"name":"pub","line":47,"loc":{"start":{"line":47,"column":31},"end":{"line":47,"column":46}}},"7":{"name":"privBytes","line":53,"loc":{"start":{"line":53,"column":37},"end":{"line":53,"column":58}}},"8":{"name":"priv","line":66,"loc":{"start":{"line":66,"column":32},"end":{"line":66,"column":48}}},"9":{"name":"hash","line":70,"loc":{"start":{"line":70,"column":32},"end":{"line":70,"column":48}}},"10":{"name":"messagePrefix","line":74,"loc":{"start":{"line":74,"column":41},"end":{"line":74,"column":66}}},"11":{"name":"sign","line":78,"loc":{"start":{"line":78,"column":25},"end":{"line":78,"column":48}}},"12":{"name":"verify","line":83,"loc":{"start":{"line":83,"column":27},"end":{"line":83,"column":57}}},"13":{"name":"getSecret","line":87,"loc":{"start":{"line":87,"column":30},"end":{"line":87,"column":54}}},"14":{"name":"getPublic","line":92,"loc":{"start":{"line":92,"column":30},"end":{"line":92,"column":54}}}},"statementMap":{"1":{"start":{"line":3,"column":0},"end":{"line":3,"column":41}},"2":{"start":{"line":4,"column":0},"end":{"line":4,"column":27}},"3":{"start":{"line":5,"column":0},"end":{"line":5,"column":26}},"4":{"start":{"line":6,"column":0},"end":{"line":6,"column":34}},"5":{"start":{"line":7,"column":0},"end":{"line":7,"column":42}},"6":{"start":{"line":18,"column":0},"end":{"line":25,"column":1}},"7":{"start":{"line":19,"column":2},"end":{"line":19,"column":21}},"8":{"start":{"line":20,"column":2},"end":{"line":20,"column":43}},"9":{"start":{"line":21,"column":2},"end":{"line":24,"column":44}},"10":{"start":{"line":22,"column":4},"end":{"line":22,"column":27}},"11":{"start":{"line":24,"column":4},"end":{"line":24,"column":44}},"12":{"start":{"line":27,"column":0},"end":{"line":31,"column":2}},"13":{"start":{"line":28,"column":2},"end":{"line":29,"column":15}},"14":{"start":{"line":29,"column":4},"end":{"line":29,"column":15}},"15":{"start":{"line":30,"column":2},"end":{"line":30,"column":42}},"16":{"start":{"line":33,"column":0},"end":{"line":37,"column":2}},"17":{"start":{"line":34,"column":2},"end":{"line":35,"column":18}},"18":{"start":{"line":35,"column":4},"end":{"line":35,"column":18}},"19":{"start":{"line":36,"column":2},"end":{"line":36,"column":48}},"20":{"start":{"line":39,"column":0},"end":{"line":41,"column":2}},"21":{"start":{"line":40,"column":2},"end":{"line":40,"column":22}},"22":{"start":{"line":43,"column":0},"end":{"line":45,"column":3}},"23":{"start":{"line":44,"column":2},"end":{"line":44,"column":44}},"24":{"start":{"line":47,"column":0},"end":{"line":51,"column":3}},"25":{"start":{"line":48,"column":2},"end":{"line":49,"column":50}},"26":{"start":{"line":49,"column":4},"end":{"line":49,"column":50}},"27":{"start":{"line":50,"column":2},"end":{"line":50,"column":39}},"28":{"start":{"line":53,"column":0},"end":{"line":64,"column":3}},"29":{"start":{"line":54,"column":2},"end":{"line":54,"column":25}},"30":{"start":{"line":55,"column":2},"end":{"line":55,"column":25}},"31":{"start":{"line":56,"column":2},"end":{"line":56,"column":40}},"32":{"start":{"line":58,"column":2},"end":{"line":58,"column":46}},"33":{"start":{"line":59,"column":2},"end":{"line":59,"column":14}},"34":{"start":{"line":60,"column":2},"end":{"line":60,"column":19}},"35":{"start":{"line":61,"column":2},"end":{"line":61,"column":18}},"36":{"start":{"line":63,"column":2},"end":{"line":63,"column":11}},"37":{"start":{"line":66,"column":0},"end":{"line":68,"column":3}},"38":{"start":{"line":67,"column":2},"end":{"line":67,"column":48}},"39":{"start":{"line":70,"column":0},"end":{"line":72,"column":3}},"40":{"start":{"line":71,"column":2},"end":{"line":71,"column":58}},"41":{"start":{"line":74,"column":0},"end":{"line":76,"column":3}},"42":{"start":{"line":75,"column":2},"end":{"line":75,"column":54}},"43":{"start":{"line":78,"column":0},"end":{"line":81,"column":2}},"44":{"start":{"line":79,"column":2},"end":{"line":79,"column":50}},"45":{"start":{"line":80,"column":2},"end":{"line":80,"column":40}},"46":{"start":{"line":83,"column":0},"end":{"line":85,"column":2}},"47":{"start":{"line":84,"column":2},"end":{"line":84,"column":47}},"48":{"start":{"line":87,"column":0},"end":{"line":90,"column":2}},"49":{"start":{"line":88,"column":2},"end":{"line":88,"column":49}},"50":{"start":{"line":89,"column":2},"end":{"line":89,"column":42}},"51":{"start":{"line":92,"column":0},"end":{"line":94,"column":2}},"52":{"start":{"line":93,"column":2},"end":{"line":93,"column":44}},"53":{"start":{"line":96,"column":0},"end":{"line":96,"column":25}}},"branchMap":{"1":{"line":21,"type":"if","locations":[{"start":{"line":21,"column":2},"end":{"line":21,"column":2}},{"start":{"line":21,"column":2},"end":{"line":21,"column":2}}]},"2":{"line":28,"type":"if","locations":[{"start":{"line":28,"column":2},"end":{"line":28,"column":2}},{"start":{"line":28,"column":2},"end":{"line":28,"column":2}}]},"3":{"line":34,"type":"if","locations":[{"start":{"line":34,"column":2},"end":{"line":34,"column":2}},{"start":{"line":34,"column":2},"end":{"line":34,"column":2}}]},"4":{"line":48,"type":"if","locations":[{"start":{"line":48,"column":2},"end":{"line":48,"column":2}},{"start":{"line":48,"column":2},"end":{"line":48,"column":2}}]}},"code":["'use strict';","","var elliptic = require('../../elliptic');","var utils = elliptic.utils;","var assert = utils.assert;","var parseBytes = utils.parseBytes;","var cachedProperty = utils.cachedProperty;","","/**","* @param {EDDSA} eddsa - instance","* @param {Object} params - public/private key parameters","*","* @param {Array<Byte>} [params.secret] - secret seed bytes","* @param {Point} [params.pub] - public key point (aka `A` in eddsa terms)","* @param {Array<Byte>} [params.pub] - public key point encoded as bytes","*","*/","function KeyPair(eddsa, params) {","  this.eddsa = eddsa;","  this._secret = parseBytes(params.secret);","  if (eddsa.isPoint(params.pub))","    this._pub = params.pub;","  else","    this._pubBytes = parseBytes(params.pub);","}","","KeyPair.fromPublic = function fromPublic(eddsa, pub) {","  if (pub instanceof KeyPair)","    return pub;","  return new KeyPair(eddsa, { pub: pub });","};","","KeyPair.fromSecret = function fromSecret(eddsa, secret) {","  if (secret instanceof KeyPair)","    return secret;","  return new KeyPair(eddsa, { secret: secret });","};","","KeyPair.prototype.secret = function secret() {","  return this._secret;","};","","cachedProperty(KeyPair, 'pubBytes', function pubBytes() {","  return this.eddsa.encodePoint(this.pub());","});","","cachedProperty(KeyPair, 'pub', function pub() {","  if (this._pubBytes)","    return this.eddsa.decodePoint(this._pubBytes);","  return this.eddsa.g.mul(this.priv());","});","","cachedProperty(KeyPair, 'privBytes', function privBytes() {","  var eddsa = this.eddsa;","  var hash = this.hash();","  var lastIx = eddsa.encodingLength - 1;","","  var a = hash.slice(0, eddsa.encodingLength);","  a[0] &= 248;","  a[lastIx] &= 127;","  a[lastIx] |= 64;","","  return a;","});","","cachedProperty(KeyPair, 'priv', function priv() {","  return this.eddsa.decodeInt(this.privBytes());","});","","cachedProperty(KeyPair, 'hash', function hash() {","  return this.eddsa.hash().update(this.secret()).digest();","});","","cachedProperty(KeyPair, 'messagePrefix', function messagePrefix() {","  return this.hash().slice(this.eddsa.encodingLength);","});","","KeyPair.prototype.sign = function sign(message) {","  assert(this._secret, 'KeyPair can only verify');","  return this.eddsa.sign(message, this);","};","","KeyPair.prototype.verify = function verify(message, sig) {","  return this.eddsa.verify(message, sig, this);","};","","KeyPair.prototype.getSecret = function getSecret(enc) {","  assert(this._secret, 'KeyPair is public only');","  return utils.encode(this.secret(), enc);","};","","KeyPair.prototype.getPublic = function getPublic(enc) {","  return utils.encode(this.pubBytes(), enc);","};","","module.exports = KeyPair;",""],"l":{"3":1,"4":1,"5":1,"6":1,"7":1,"18":1,"19":0,"20":0,"21":0,"22":0,"24":0,"27":1,"28":0,"29":0,"30":0,"33":1,"34":0,"35":0,"36":0,"39":1,"40":0,"43":1,"44":0,"47":1,"48":0,"49":0,"50":0,"53":1,"54":0,"55":0,"56":0,"58":0,"59":0,"60":0,"61":0,"63":0,"66":1,"67":0,"70":1,"71":0,"74":1,"75":0,"78":1,"79":0,"80":0,"83":1,"84":0,"87":1,"88":0,"89":0,"92":1,"93":0,"96":1}},"/home/travis/build/npmtest/node-npmtest-elliptic/node_modules/elliptic/lib/elliptic/eddsa/signature.js":{"path":"/home/travis/build/npmtest/node-npmtest-elliptic/node_modules/elliptic/lib/elliptic/eddsa/signature.js","s":{"1":1,"2":1,"3":1,"4":1,"5":1,"6":1,"7":1,"8":0,"9":0,"10":0,"11":0,"12":0,"13":0,"14":0,"15":0,"16":0,"17":0,"18":0,"19":0,"20":1,"21":0,"22":1,"23":0,"24":1,"25":0,"26":1,"27":0,"28":1,"29":0,"30":1,"31":0,"32":1},"b":{"1":[0,0],"2":[0,0],"3":[0,0],"4":[0,0],"5":[0,0],"6":[0,0],"7":[0,0]},"f":{"1":0,"2":0,"3":0,"4":0,"5":0,"6":0,"7":0},"fnMap":{"1":{"name":"Signature","line":18,"loc":{"start":{"line":18,"column":0},"end":{"line":18,"column":31}}},"2":{"name":"S","line":42,"loc":{"start":{"line":42,"column":31},"end":{"line":42,"column":44}}},"3":{"name":"R","line":46,"loc":{"start":{"line":46,"column":31},"end":{"line":46,"column":44}}},"4":{"name":"Rencoded","line":50,"loc":{"start":{"line":50,"column":38},"end":{"line":50,"column":58}}},"5":{"name":"Sencoded","line":54,"loc":{"start":{"line":54,"column":38},"end":{"line":54,"column":58}}},"6":{"name":"toBytes","line":58,"loc":{"start":{"line":58,"column":30},"end":{"line":58,"column":49}}},"7":{"name":"toHex","line":62,"loc":{"start":{"line":62,"column":28},"end":{"line":62,"column":45}}}},"statementMap":{"1":{"start":{"line":3,"column":0},"end":{"line":3,"column":26}},"2":{"start":{"line":4,"column":0},"end":{"line":4,"column":41}},"3":{"start":{"line":5,"column":0},"end":{"line":5,"column":27}},"4":{"start":{"line":6,"column":0},"end":{"line":6,"column":26}},"5":{"start":{"line":7,"column":0},"end":{"line":7,"column":42}},"6":{"start":{"line":8,"column":0},"end":{"line":8,"column":34}},"7":{"start":{"line":18,"column":0},"end":{"line":40,"column":1}},"8":{"start":{"line":19,"column":2},"end":{"line":19,"column":21}},"9":{"start":{"line":21,"column":2},"end":{"line":22,"column":26}},"10":{"start":{"line":22,"column":4},"end":{"line":22,"column":26}},"11":{"start":{"line":24,"column":2},"end":{"line":29,"column":3}},"12":{"start":{"line":25,"column":4},"end":{"line":28,"column":6}},"13":{"start":{"line":31,"column":2},"end":{"line":31,"column":53}},"14":{"start":{"line":33,"column":2},"end":{"line":34,"column":20}},"15":{"start":{"line":34,"column":4},"end":{"line":34,"column":20}},"16":{"start":{"line":35,"column":2},"end":{"line":36,"column":20}},"17":{"start":{"line":36,"column":4},"end":{"line":36,"column":20}},"18":{"start":{"line":38,"column":2},"end":{"line":38,"column":63}},"19":{"start":{"line":39,"column":2},"end":{"line":39,"column":63}},"20":{"start":{"line":42,"column":0},"end":{"line":44,"column":3}},"21":{"start":{"line":43,"column":2},"end":{"line":43,"column":47}},"22":{"start":{"line":46,"column":0},"end":{"line":48,"column":3}},"23":{"start":{"line":47,"column":2},"end":{"line":47,"column":49}},"24":{"start":{"line":50,"column":0},"end":{"line":52,"column":3}},"25":{"start":{"line":51,"column":2},"end":{"line":51,"column":42}},"26":{"start":{"line":54,"column":0},"end":{"line":56,"column":3}},"27":{"start":{"line":55,"column":2},"end":{"line":55,"column":40}},"28":{"start":{"line":58,"column":0},"end":{"line":60,"column":2}},"29":{"start":{"line":59,"column":2},"end":{"line":59,"column":49}},"30":{"start":{"line":62,"column":0},"end":{"line":64,"column":2}},"31":{"start":{"line":63,"column":2},"end":{"line":63,"column":59}},"32":{"start":{"line":66,"column":0},"end":{"line":66,"column":27}}},"branchMap":{"1":{"line":21,"type":"if","locations":[{"start":{"line":21,"column":2},"end":{"line":21,"column":2}},{"start":{"line":21,"column":2},"end":{"line":21,"column":2}}]},"2":{"line":24,"type":"if","locations":[{"start":{"line":24,"column":2},"end":{"line":24,"column":2}},{"start":{"line":24,"column":2},"end":{"line":24,"column":2}}]},"3":{"line":31,"type":"binary-expr","locations":[{"start":{"line":31,"column":9},"end":{"line":31,"column":14}},{"start":{"line":31,"column":18},"end":{"line":31,"column":23}}]},"4":{"line":33,"type":"if","locations":[{"start":{"line":33,"column":2},"end":{"line":33,"column":2}},{"start":{"line":33,"column":2},"end":{"line":33,"column":2}}]},"5":{"line":35,"type":"if","locations":[{"start":{"line":35,"column":2},"end":{"line":35,"column":2}},{"start":{"line":35,"column":2},"end":{"line":35,"column":2}}]},"6":{"line":38,"type":"cond-expr","locations":[{"start":{"line":38,"column":42},"end":{"line":38,"column":47}},{"start":{"line":38,"column":50},"end":{"line":38,"column":62}}]},"7":{"line":39,"type":"cond-expr","locations":[{"start":{"line":39,"column":42},"end":{"line":39,"column":47}},{"start":{"line":39,"column":50},"end":{"line":39,"column":62}}]}},"code":["'use strict';","","var BN = require('bn.js');","var elliptic = require('../../elliptic');","var utils = elliptic.utils;","var assert = utils.assert;","var cachedProperty = utils.cachedProperty;","var parseBytes = utils.parseBytes;","","/**","* @param {EDDSA} eddsa - eddsa instance","* @param {Array<Bytes>|Object} sig -","* @param {Array<Bytes>|Point} [sig.R] - R point as Point or bytes","* @param {Array<Bytes>|bn} [sig.S] - S scalar as bn or bytes","* @param {Array<Bytes>} [sig.Rencoded] - R point encoded","* @param {Array<Bytes>} [sig.Sencoded] - S scalar encoded","*/","function Signature(eddsa, sig) {","  this.eddsa = eddsa;","","  if (typeof sig !== 'object')","    sig = parseBytes(sig);","","  if (Array.isArray(sig)) {","    sig = {","      R: sig.slice(0, eddsa.encodingLength),","      S: sig.slice(eddsa.encodingLength)","    };","  }","","  assert(sig.R && sig.S, 'Signature without R or S');","","  if (eddsa.isPoint(sig.R))","    this._R = sig.R;","  if (sig.S instanceof BN)","    this._S = sig.S;","","  this._Rencoded = Array.isArray(sig.R) ? sig.R : sig.Rencoded;","  this._Sencoded = Array.isArray(sig.S) ? sig.S : sig.Sencoded;","}","","cachedProperty(Signature, 'S', function S() {","  return this.eddsa.decodeInt(this.Sencoded());","});","","cachedProperty(Signature, 'R', function R() {","  return this.eddsa.decodePoint(this.Rencoded());","});","","cachedProperty(Signature, 'Rencoded', function Rencoded() {","  return this.eddsa.encodePoint(this.R());","});","","cachedProperty(Signature, 'Sencoded', function Sencoded() {","  return this.eddsa.encodeInt(this.S());","});","","Signature.prototype.toBytes = function toBytes() {","  return this.Rencoded().concat(this.Sencoded());","};","","Signature.prototype.toHex = function toHex() {","  return utils.encode(this.toBytes(), 'hex').toUpperCase();","};","","module.exports = Signature;",""],"l":{"3":1,"4":1,"5":1,"6":1,"7":1,"8":1,"18":1,"19":0,"21":0,"22":0,"24":0,"25":0,"31":0,"33":0,"34":0,"35":0,"36":0,"38":0,"39":0,"42":1,"43":0,"46":1,"47":0,"50":1,"51":0,"54":1,"55":0,"58":1,"59":0,"62":1,"63":0,"66":1}}}